#
# There is insufficient memory for the Java Runtime Environment to continue.
# Native memory allocation (mmap) failed to map 39845888 bytes for G1 virtual space
# Possible reasons:
#   The system is out of physical RAM or swap space
#   The process is running with CompressedOops enabled, and the Java Heap may be blocking the growth of the native heap
# Possible solutions:
#   Reduce memory load on the system
#   Increase physical memory or swap space
#   Check if swap backing store is full
#   Decrease Java heap size (-Xmx/-Xms)
#   Decrease number of Java threads
#   Decrease Java thread stack sizes (-Xss)
#   Set larger code cache with -XX:ReservedCodeCacheSize=
#   JVM is running with Unscaled Compressed Oops mode in which the Java heap is
#     placed in the first 4GB address space. The Java Heap base address is the
#     maximum limit for the native heap growth. Please use -XX:HeapBaseMinAddress
#     to set the Java Heap base and to place the Java Heap above 4GB virtual address.
# This output file may be truncated or incomplete.
#
#  Out of Memory Error (os_windows.cpp:3769), pid=14124, tid=18256
#
# JRE version: OpenJDK Runtime Environment (17.0.6) (build 17.0.6+0-b2043.56-10027231)
# Java VM: OpenJDK 64-Bit Server VM (17.0.6+0-b2043.56-10027231, mixed mode, tiered, compressed oops, compressed class ptrs, g1 gc, windows-amd64)
# No core dump will be written. Minidumps are not enabled by default on client versions of Windows
#

---------------  S U M M A R Y ------------

Command Line: --add-opens=java.base/java.util=ALL-UNNAMED --add-opens=java.base/java.lang=ALL-UNNAMED --add-opens=java.base/java.lang.invoke=ALL-UNNAMED --add-opens=java.prefs/java.util.prefs=ALL-UNNAMED --add-opens=java.base/java.nio.charset=ALL-UNNAMED --add-opens=java.base/java.net=ALL-UNNAMED --add-opens=java.base/java.util.concurrent.atomic=ALL-UNNAMED -Xmx2048m -Dfile.encoding=UTF-8 -Duser.country=US -Duser.language=en -Duser.variant org.gradle.launcher.daemon.bootstrap.GradleDaemon 8.0

Host: 11th Gen Intel(R) Core(TM) i5-1135G7 @ 2.40GHz, 8 cores, 7G,  Windows 10 , 64 bit Build 19041 (10.0.19041.3155)
Time: Fri Aug 18 12:34:07 2023 E. South America Standard Time elapsed time: 82.316416 seconds (0d 0h 1m 22s)

---------------  T H R E A D  ---------------

Current thread (0x00000201c5eb2a30):  VMThread "VM Thread" [stack: 0x000000cd96100000,0x000000cd96200000] [id=18256]

Stack: [0x000000cd96100000,0x000000cd96200000]
Native frames: (J=compiled Java code, j=interpreted, Vv=VM code, C=native code)
V  [jvm.dll+0x683c9a]
V  [jvm.dll+0x8427a4]
V  [jvm.dll+0x843f9e]
V  [jvm.dll+0x844603]
V  [jvm.dll+0x249b75]
V  [jvm.dll+0x680b69]
V  [jvm.dll+0x67505a]
V  [jvm.dll+0x309acb]
V  [jvm.dll+0x310f86]
V  [jvm.dll+0x3608ee]
V  [jvm.dll+0x360b1f]
V  [jvm.dll+0x2dfbf8]
V  [jvm.dll+0x2e2ce6]
V  [jvm.dll+0x2ed478]
V  [jvm.dll+0x322150]
V  [jvm.dll+0x848ccb]
V  [jvm.dll+0x849a04]
V  [jvm.dll+0x849f1d]
V  [jvm.dll+0x84a2f4]
V  [jvm.dll+0x84a3c0]
V  [jvm.dll+0x7f274a]
V  [jvm.dll+0x682ad5]
C  [ucrtbase.dll+0x21bb2]
C  [KERNEL32.DLL+0x17614]
C  [ntdll.dll+0x526b1]

VM_Operation (0x000000cd95dff370): G1Concurrent, mode: safepoint, requested by thread 0x00000201aa108530


---------------  P R O C E S S  ---------------

Threads class SMR info:
_java_thread_list=0x00000201cb518b80, length=135, elements={
0x00000201aa0983f0, 0x00000201c5ed3250, 0x00000201c5ed4d20, 0x00000201c5ebec70,
0x00000201c5ec1740, 0x00000201c6826400, 0x00000201c6826cc0, 0x00000201c68278b0,
0x00000201c68281b0, 0x00000201c6833fc0, 0x00000201c69cf340, 0x00000201c69af030,
0x00000201c7fff680, 0x00000201c7d41c50, 0x00000201c7f61610, 0x00000201c7f5bee0,
0x00000201c7f5c880, 0x00000201c7f5b540, 0x00000201c9514150, 0x00000201c9515e30,
0x00000201c9516ca0, 0x00000201c9515490, 0x00000201c9511600, 0x00000201c9512e10,
0x00000201c95184b0, 0x00000201c9516300, 0x00000201c95132e0, 0x00000201c9514620,
0x00000201c9512470, 0x00000201c9513c80, 0x00000201cb1ad720, 0x00000201cb1ae590,
0x00000201cb1aef30, 0x00000201cb1aea60, 0x00000201cb1af400, 0x00000201cb1af8d0,
0x00000201cb1adbf0, 0x00000201cb1ae0c0, 0x00000201cb1a93c0, 0x00000201cb1aabd0,
0x00000201cb1afda0, 0x00000201cb1b0740, 0x00000201cb1aa230, 0x00000201cb1a9890,
0x00000201cb1aa700, 0x00000201cb1ab0a0, 0x00000201cb1a8ef0, 0x00000201cb1acd80,
0x00000201cb1aba40, 0x00000201cb1a9d60, 0x00000201cb1ab570, 0x00000201cb1abf10,
0x00000201cb1ac3e0, 0x00000201cb1ac8b0, 0x00000201cb1ad250, 0x00000201c95137b0,
0x00000201c9511fa0, 0x00000201c9517fe0, 0x00000201c9518980, 0x00000201c9514af0,
0x00000201c9515960, 0x00000201c95167d0, 0x00000201c9518e50, 0x00000201c9517170,
0x00000201c9511ad0, 0x00000201c9517640, 0x00000201ce358760, 0x00000201ce357dc0,
0x00000201ce358c30, 0x00000201ce359100, 0x00000201ce357420, 0x00000201ce358290,
0x00000201ce3595d0, 0x00000201ce359f70, 0x00000201ce35a440, 0x00000201c7f5c3b0,
0x00000201c7f5b070, 0x00000201c7f5ba10, 0x00000201cb582520, 0x00000201cb57d820,
0x00000201cb580840, 0x00000201cb57fea0, 0x00000201cb57e690, 0x00000201cb583860,
0x00000201cb581b80, 0x00000201cb5846d0, 0x00000201cb57d350, 0x00000201cb583390,
0x00000201cb57dcf0, 0x00000201cb583d30, 0x00000201cb580370, 0x00000201cb57e1c0,
0x00000201cb57f030, 0x00000201cb57eb60, 0x00000201cb57f500, 0x00000201cb57f9d0,
0x00000201cb584200, 0x00000201cb580d10, 0x00000201cb5811e0, 0x00000201cb5816b0,
0x00000201cb582050, 0x00000201cb5829f0, 0x00000201cb582ec0, 0x00000201cb57ce80,
0x00000201cb58a060, 0x00000201cb58b870, 0x00000201cb58aed0, 0x00000201cb58b3a0,
0x00000201cb587eb0, 0x00000201cb58a530, 0x00000201cb588380, 0x00000201cb588850,
0x00000201cb588d20, 0x00000201cb58aa00, 0x00000201cb5896c0, 0x00000201cb5891f0,
0x00000201cb589b90, 0x00000201cac12840, 0x00000201cac131e0, 0x00000201cac11ea0,
0x00000201cac12370, 0x00000201cac17540, 0x00000201cac136b0, 0x00000201cac13b80,
0x00000201cac14520, 0x00000201cac149f0, 0x00000201cac11500, 0x00000201cac15d30,
0x00000201cac119d0, 0x00000201cac14ec0, 0x00000201cac14050, 0x00000201cac16200,
0x00000201cac16ba0, 0x00000201cac15860, 0x00000201d22a1ac0
}

Java Threads: ( => current thread )
  0x00000201aa0983f0 JavaThread "main" [_thread_blocked, id=12824, stack(0x000000cd95b00000,0x000000cd95c00000)]
  0x00000201c5ed3250 JavaThread "Reference Handler" daemon [_thread_blocked, id=17672, stack(0x000000cd96200000,0x000000cd96300000)]
  0x00000201c5ed4d20 JavaThread "Finalizer" daemon [_thread_blocked, id=3968, stack(0x000000cd96300000,0x000000cd96400000)]
  0x00000201c5ebec70 JavaThread "Signal Dispatcher" daemon [_thread_blocked, id=6296, stack(0x000000cd96400000,0x000000cd96500000)]
  0x00000201c5ec1740 JavaThread "Attach Listener" daemon [_thread_blocked, id=12644, stack(0x000000cd96500000,0x000000cd96600000)]
  0x00000201c6826400 JavaThread "Service Thread" daemon [_thread_blocked, id=16960, stack(0x000000cd96600000,0x000000cd96700000)]
  0x00000201c6826cc0 JavaThread "Monitor Deflation Thread" daemon [_thread_blocked, id=16588, stack(0x000000cd96700000,0x000000cd96800000)]
  0x00000201c68278b0 JavaThread "C2 CompilerThread0" daemon [_thread_blocked, id=18016, stack(0x000000cd96800000,0x000000cd96900000)]
  0x00000201c68281b0 JavaThread "C1 CompilerThread0" daemon [_thread_blocked, id=416, stack(0x000000cd96900000,0x000000cd96a00000)]
  0x00000201c6833fc0 JavaThread "Sweeper thread" daemon [_thread_blocked, id=10920, stack(0x000000cd96a00000,0x000000cd96b00000)]
  0x00000201c69cf340 JavaThread "Common-Cleaner" daemon [_thread_blocked, id=12484, stack(0x000000cd96b00000,0x000000cd96c00000)]
  0x00000201c69af030 JavaThread "Notification Thread" daemon [_thread_blocked, id=5988, stack(0x000000cd96c00000,0x000000cd96d00000)]
  0x00000201c7fff680 JavaThread "Daemon health stats" [_thread_blocked, id=17456, stack(0x000000cd97200000,0x000000cd97300000)]
  0x00000201c7d41c50 JavaThread "Incoming local TCP Connector on port 64713" [_thread_in_native, id=6404, stack(0x000000cd97300000,0x000000cd97400000)]
  0x00000201c7f61610 JavaThread "Daemon periodic checks" [_thread_blocked, id=1176, stack(0x000000cd97400000,0x000000cd97500000)]
  0x00000201c7f5bee0 JavaThread "Cache worker for journal cache (C:\Users\keilo\.gradle\caches\journal-1)" [_thread_blocked, id=16792, stack(0x000000cd98000000,0x000000cd98100000)]
  0x00000201c7f5c880 JavaThread "File lock request listener" [_thread_in_native, id=18192, stack(0x000000cd98100000,0x000000cd98200000)]
  0x00000201c7f5b540 JavaThread "Cache worker for file hash cache (C:\Users\keilo\.gradle\caches\8.0\fileHashes)" [_thread_blocked, id=576, stack(0x000000cd98200000,0x000000cd98300000)]
  0x00000201c9514150 JavaThread "File watcher server" daemon [_thread_blocked, id=16460, stack(0x000000cd98300000,0x000000cd98400000)]
  0x00000201c9515e30 JavaThread "File watcher consumer" daemon [_thread_blocked, id=18356, stack(0x000000cd98400000,0x000000cd98500000)]
  0x00000201c9516ca0 JavaThread "jar transforms" [_thread_blocked, id=11620, stack(0x000000cd98500000,0x000000cd98600000)]
  0x00000201c9515490 JavaThread "jar transforms Thread 2" [_thread_blocked, id=5356, stack(0x000000cd98600000,0x000000cd98700000)]
  0x00000201c9511600 JavaThread "jar transforms Thread 3" [_thread_blocked, id=1612, stack(0x000000cd98700000,0x000000cd98800000)]
  0x00000201c9512e10 JavaThread "jar transforms Thread 4" [_thread_blocked, id=12692, stack(0x000000cd98800000,0x000000cd98900000)]
  0x00000201c95184b0 JavaThread "jar transforms Thread 5" [_thread_blocked, id=9736, stack(0x000000cd98900000,0x000000cd98a00000)]
  0x00000201c9516300 JavaThread "jar transforms Thread 6" [_thread_blocked, id=15620, stack(0x000000cd98a00000,0x000000cd98b00000)]
  0x00000201c95132e0 JavaThread "jar transforms Thread 7" [_thread_blocked, id=15380, stack(0x000000cd98b00000,0x000000cd98c00000)]
  0x00000201c9514620 JavaThread "jar transforms Thread 8" [_thread_blocked, id=2432, stack(0x000000cd98c00000,0x000000cd98d00000)]
  0x00000201c9512470 JavaThread "Cache worker for file content cache (C:\Users\keilo\.gradle\caches\8.0\fileContent)" [_thread_blocked, id=5108, stack(0x000000cd98f00000,0x000000cd99000000)]
  0x00000201c9513c80 JavaThread "Cache worker for execution history cache (C:\Users\keilo\.gradle\caches\8.0\executionHistory)" [_thread_blocked, id=6652, stack(0x000000cd99200000,0x000000cd99300000)]
  0x00000201cb1ad720 JavaThread "Memory manager" [_thread_blocked, id=7212, stack(0x000000cd9e500000,0x000000cd9e600000)]
  0x00000201cb1ae590 JavaThread "Daemon Thread 2" [_thread_blocked, id=9260, stack(0x000000cd95800000,0x000000cd95900000)]
  0x00000201cb1aef30 JavaThread "Handler for socket connection from /127.0.0.1:64713 to /127.0.0.1:64783" [_thread_in_native, id=12820, stack(0x000000cd95900000,0x000000cd95a00000)]
  0x00000201cb1aea60 JavaThread "Cancel handler" [_thread_blocked, id=1448, stack(0x000000cd95a00000,0x000000cd95b00000)]
  0x00000201cb1af400 JavaThread "Daemon worker Thread 2" [_thread_blocked, id=10512, stack(0x000000cd97500000,0x000000cd97600000)]
  0x00000201cb1af8d0 JavaThread "Asynchronous log dispatcher for DefaultDaemonConnection: socket connection from /127.0.0.1:64713 to /127.0.0.1:64783" [_thread_blocked, id=11500, stack(0x000000cd97800000,0x000000cd97900000)]
  0x00000201cb1adbf0 JavaThread "Stdin handler" [_thread_blocked, id=14344, stack(0x000000cd97900000,0x000000cd97a00000)]
  0x00000201cb1ae0c0 JavaThread "Daemon client event forwarder" [_thread_blocked, id=13680, stack(0x000000cd97a00000,0x000000cd97b00000)]
  0x00000201cb1a93c0 JavaThread "Cache worker for checksums cache (C:\pdm-projetos\Contador\.gradle\8.0\checksums)" [_thread_blocked, id=18168, stack(0x000000cd98d00000,0x000000cd98e00000)]
  0x00000201cb1aabd0 JavaThread "Cache worker for cache directory md-rule (C:\Users\keilo\.gradle\caches\8.0\md-rule)" [_thread_blocked, id=7272, stack(0x000000cd98e00000,0x000000cd98f00000)]
  0x00000201cb1afda0 JavaThread "Cache worker for file hash cache (C:\pdm-projetos\Contador\.gradle\8.0\fileHashes)" [_thread_blocked, id=1324, stack(0x000000cd99000000,0x000000cd99100000)]
  0x00000201cb1b0740 JavaThread "Cache worker for cache directory md-supplier (C:\Users\keilo\.gradle\caches\8.0\md-supplier)" [_thread_blocked, id=14804, stack(0x000000cd99100000,0x000000cd99200000)]
  0x00000201cb1aa230 JavaThread "Cache worker for dependencies-accessors (C:\pdm-projetos\Contador\.gradle\8.0\dependencies-accessors)" [_thread_blocked, id=17968, stack(0x000000cd99300000,0x000000cd99400000)]
  0x00000201cb1a9890 JavaThread "Cache worker for Build Output Cleanup Cache (C:\pdm-projetos\Contador\.gradle\buildOutputCleanup)" [_thread_blocked, id=2820, stack(0x000000cd99400000,0x000000cd99500000)]
  0x00000201cb1aa700 JavaThread "Unconstrained build operations" [_thread_blocked, id=15124, stack(0x000000cd99500000,0x000000cd99600000)]
  0x00000201cb1ab0a0 JavaThread "Unconstrained build operations Thread 2" [_thread_blocked, id=18228, stack(0x000000cd99600000,0x000000cd99700000)]
  0x00000201cb1a8ef0 JavaThread "Unconstrained build operations Thread 3" [_thread_blocked, id=18224, stack(0x000000cd99700000,0x000000cd99800000)]
  0x00000201cb1acd80 JavaThread "Unconstrained build operations Thread 4" [_thread_blocked, id=1960, stack(0x000000cd99800000,0x000000cd99900000)]
  0x00000201cb1aba40 JavaThread "Unconstrained build operations Thread 5" [_thread_blocked, id=7496, stack(0x000000cd99900000,0x000000cd99a00000)]
  0x00000201cb1a9d60 JavaThread "Unconstrained build operations Thread 6" [_thread_blocked, id=17224, stack(0x000000cd99a00000,0x000000cd99b00000)]
  0x00000201cb1ab570 JavaThread "Unconstrained build operations Thread 7" [_thread_blocked, id=8264, stack(0x000000cd99b00000,0x000000cd99c00000)]
  0x00000201cb1abf10 JavaThread "Unconstrained build operations Thread 8" [_thread_blocked, id=16608, stack(0x000000cd99c00000,0x000000cd99d00000)]
  0x00000201cb1ac3e0 JavaThread "Unconstrained build operations Thread 9" [_thread_blocked, id=7724, stack(0x000000cd99d00000,0x000000cd99e00000)]
  0x00000201cb1ac8b0 JavaThread "Unconstrained build operations Thread 10" [_thread_blocked, id=2260, stack(0x000000cd99e00000,0x000000cd99f00000)]
  0x00000201cb1ad250 JavaThread "Unconstrained build operations Thread 11" [_thread_blocked, id=10152, stack(0x000000cd99f00000,0x000000cd9a000000)]
  0x00000201c95137b0 JavaThread "Unconstrained build operations Thread 12" [_thread_blocked, id=17784, stack(0x000000cd9a000000,0x000000cd9a100000)]
  0x00000201c9511fa0 JavaThread "Unconstrained build operations Thread 13" [_thread_blocked, id=2368, stack(0x000000cd9a100000,0x000000cd9a200000)]
  0x00000201c9517fe0 JavaThread "Unconstrained build operations Thread 14" [_thread_blocked, id=8992, stack(0x000000cd9a200000,0x000000cd9a300000)]
  0x00000201c9518980 JavaThread "Unconstrained build operations Thread 15" [_thread_blocked, id=14432, stack(0x000000cd9a300000,0x000000cd9a400000)]
  0x00000201c9514af0 JavaThread "Unconstrained build operations Thread 16" [_thread_blocked, id=10280, stack(0x000000cd9a400000,0x000000cd9a500000)]
  0x00000201c9515960 JavaThread "Unconstrained build operations Thread 17" [_thread_blocked, id=14392, stack(0x000000cd9a500000,0x000000cd9a600000)]
  0x00000201c95167d0 JavaThread "Unconstrained build operations Thread 18" [_thread_blocked, id=14772, stack(0x000000cd9a600000,0x000000cd9a700000)]
  0x00000201c9518e50 JavaThread "Unconstrained build operations Thread 19" [_thread_blocked, id=12652, stack(0x000000cd9a700000,0x000000cd9a800000)]
  0x00000201c9517170 JavaThread "Unconstrained build operations Thread 20" [_thread_blocked, id=10068, stack(0x000000cd9a800000,0x000000cd9a900000)]
  0x00000201c9511ad0 JavaThread "Unconstrained build operations Thread 21" [_thread_blocked, id=17128, stack(0x000000cd9a900000,0x000000cd9aa00000)]
  0x00000201c9517640 JavaThread "Unconstrained build operations Thread 22" [_thread_blocked, id=10880, stack(0x000000cd9aa00000,0x000000cd9ab00000)]
  0x00000201ce358760 JavaThread "Unconstrained build operations Thread 23" [_thread_blocked, id=5344, stack(0x000000cd9ab00000,0x000000cd9ac00000)]
  0x00000201ce357dc0 JavaThread "Unconstrained build operations Thread 24" [_thread_blocked, id=17512, stack(0x000000cd9ac00000,0x000000cd9ad00000)]
  0x00000201ce358c30 JavaThread "Unconstrained build operations Thread 25" [_thread_blocked, id=2112, stack(0x000000cd9ad00000,0x000000cd9ae00000)]
  0x00000201ce359100 JavaThread "Unconstrained build operations Thread 26" [_thread_blocked, id=16744, stack(0x000000cd9ae00000,0x000000cd9af00000)]
  0x00000201ce357420 JavaThread "Unconstrained build operations Thread 27" [_thread_blocked, id=2676, stack(0x000000cd9af00000,0x000000cd9b000000)]
  0x00000201ce358290 JavaThread "Unconstrained build operations Thread 28" [_thread_blocked, id=11532, stack(0x000000cd9b000000,0x000000cd9b100000)]
  0x00000201ce3595d0 JavaThread "Unconstrained build operations Thread 29" [_thread_blocked, id=11856, stack(0x000000cd9b100000,0x000000cd9b200000)]
  0x00000201ce359f70 JavaThread "Unconstrained build operations Thread 30" [_thread_blocked, id=13632, stack(0x000000cd9b200000,0x000000cd9b300000)]
  0x00000201ce35a440 JavaThread "Unconstrained build operations Thread 31" [_thread_blocked, id=16500, stack(0x000000cd9b300000,0x000000cd9b400000)]
  0x00000201c7f5c3b0 JavaThread "Unconstrained build operations Thread 32" [_thread_blocked, id=16736, stack(0x000000cd9b400000,0x000000cd9b500000)]
  0x00000201c7f5b070 JavaThread "Unconstrained build operations Thread 33" [_thread_blocked, id=5284, stack(0x000000cd9b500000,0x000000cd9b600000)]
  0x00000201c7f5ba10 JavaThread "Unconstrained build operations Thread 34" [_thread_blocked, id=10532, stack(0x000000cd9b600000,0x000000cd9b700000)]
  0x00000201cb582520 JavaThread "Unconstrained build operations Thread 35" [_thread_blocked, id=16636, stack(0x000000cd9b700000,0x000000cd9b800000)]
  0x00000201cb57d820 JavaThread "Unconstrained build operations Thread 36" [_thread_blocked, id=18120, stack(0x000000cd9b800000,0x000000cd9b900000)]
  0x00000201cb580840 JavaThread "Unconstrained build operations Thread 37" [_thread_blocked, id=10376, stack(0x000000cd9b900000,0x000000cd9ba00000)]
  0x00000201cb57fea0 JavaThread "Unconstrained build operations Thread 38" [_thread_blocked, id=16680, stack(0x000000cd9ba00000,0x000000cd9bb00000)]
  0x00000201cb57e690 JavaThread "Unconstrained build operations Thread 39" [_thread_blocked, id=14684, stack(0x000000cd9bb00000,0x000000cd9bc00000)]
  0x00000201cb583860 JavaThread "Unconstrained build operations Thread 40" [_thread_blocked, id=13624, stack(0x000000cd9bc00000,0x000000cd9bd00000)]
  0x00000201cb581b80 JavaThread "Unconstrained build operations Thread 41" [_thread_blocked, id=13288, stack(0x000000cd9bd00000,0x000000cd9be00000)]
  0x00000201cb5846d0 JavaThread "Unconstrained build operations Thread 42" [_thread_blocked, id=18196, stack(0x000000cd9be00000,0x000000cd9bf00000)]
  0x00000201cb57d350 JavaThread "Unconstrained build operations Thread 43" [_thread_blocked, id=9752, stack(0x000000cd9bf00000,0x000000cd9c000000)]
  0x00000201cb583390 JavaThread "Unconstrained build operations Thread 44" [_thread_blocked, id=12768, stack(0x000000cd9c000000,0x000000cd9c100000)]
  0x00000201cb57dcf0 JavaThread "Unconstrained build operations Thread 45" [_thread_blocked, id=15340, stack(0x000000cd9c100000,0x000000cd9c200000)]
  0x00000201cb583d30 JavaThread "Unconstrained build operations Thread 46" [_thread_blocked, id=15328, stack(0x000000cd9c200000,0x000000cd9c300000)]
  0x00000201cb580370 JavaThread "Unconstrained build operations Thread 47" [_thread_blocked, id=17984, stack(0x000000cd9c300000,0x000000cd9c400000)]
  0x00000201cb57e1c0 JavaThread "Unconstrained build operations Thread 48" [_thread_blocked, id=17980, stack(0x000000cd9c400000,0x000000cd9c500000)]
  0x00000201cb57f030 JavaThread "Unconstrained build operations Thread 49" [_thread_blocked, id=13456, stack(0x000000cd9c500000,0x000000cd9c600000)]
  0x00000201cb57eb60 JavaThread "Unconstrained build operations Thread 50" [_thread_blocked, id=5820, stack(0x000000cd9c600000,0x000000cd9c700000)]
  0x00000201cb57f500 JavaThread "Unconstrained build operations Thread 51" [_thread_blocked, id=18156, stack(0x000000cd9c700000,0x000000cd9c800000)]
  0x00000201cb57f9d0 JavaThread "Unconstrained build operations Thread 52" [_thread_blocked, id=4360, stack(0x000000cd9c800000,0x000000cd9c900000)]
  0x00000201cb584200 JavaThread "Unconstrained build operations Thread 53" [_thread_blocked, id=8576, stack(0x000000cd9c900000,0x000000cd9ca00000)]
  0x00000201cb580d10 JavaThread "Unconstrained build operations Thread 54" [_thread_blocked, id=5776, stack(0x000000cd9ca00000,0x000000cd9cb00000)]
  0x00000201cb5811e0 JavaThread "Unconstrained build operations Thread 55" [_thread_blocked, id=8504, stack(0x000000cd9cb00000,0x000000cd9cc00000)]
  0x00000201cb5816b0 JavaThread "Unconstrained build operations Thread 56" [_thread_blocked, id=4028, stack(0x000000cd9cc00000,0x000000cd9cd00000)]
  0x00000201cb582050 JavaThread "Unconstrained build operations Thread 57" [_thread_blocked, id=10572, stack(0x000000cd9cd00000,0x000000cd9ce00000)]
  0x00000201cb5829f0 JavaThread "Unconstrained build operations Thread 58" [_thread_blocked, id=5972, stack(0x000000cd9ce00000,0x000000cd9cf00000)]
  0x00000201cb582ec0 JavaThread "Unconstrained build operations Thread 59" [_thread_blocked, id=17500, stack(0x000000cd9cf00000,0x000000cd9d000000)]
  0x00000201cb57ce80 JavaThread "Unconstrained build operations Thread 60" [_thread_blocked, id=14628, stack(0x000000cd9d000000,0x000000cd9d100000)]
  0x00000201cb58a060 JavaThread "Unconstrained build operations Thread 61" [_thread_blocked, id=3764, stack(0x000000cd9d100000,0x000000cd9d200000)]
  0x00000201cb58b870 JavaThread "Unconstrained build operations Thread 62" [_thread_blocked, id=284, stack(0x000000cd9d200000,0x000000cd9d300000)]
  0x00000201cb58aed0 JavaThread "Unconstrained build operations Thread 63" [_thread_blocked, id=3180, stack(0x000000cd9d300000,0x000000cd9d400000)]
  0x00000201cb58b3a0 JavaThread "Unconstrained build operations Thread 64" [_thread_blocked, id=1152, stack(0x000000cd9d400000,0x000000cd9d500000)]
  0x00000201cb587eb0 JavaThread "Unconstrained build operations Thread 65" [_thread_blocked, id=13740, stack(0x000000cd9d500000,0x000000cd9d600000)]
  0x00000201cb58a530 JavaThread "Unconstrained build operations Thread 66" [_thread_blocked, id=12468, stack(0x000000cd9d600000,0x000000cd9d700000)]
  0x00000201cb588380 JavaThread "Unconstrained build operations Thread 67" [_thread_blocked, id=15100, stack(0x000000cd9d700000,0x000000cd9d800000)]
  0x00000201cb588850 JavaThread "Unconstrained build operations Thread 68" [_thread_blocked, id=2780, stack(0x000000cd9d800000,0x000000cd9d900000)]
  0x00000201cb588d20 JavaThread "Unconstrained build operations Thread 69" [_thread_blocked, id=7300, stack(0x000000cd9d900000,0x000000cd9da00000)]
  0x00000201cb58aa00 JavaThread "Unconstrained build operations Thread 70" [_thread_blocked, id=5640, stack(0x000000cd9da00000,0x000000cd9db00000)]
  0x00000201cb5896c0 JavaThread "Unconstrained build operations Thread 71" [_thread_blocked, id=17896, stack(0x000000cd9db00000,0x000000cd9dc00000)]
  0x00000201cb5891f0 JavaThread "Unconstrained build operations Thread 72" [_thread_blocked, id=15672, stack(0x000000cd9dc00000,0x000000cd9dd00000)]
  0x00000201cb589b90 JavaThread "Unconstrained build operations Thread 73" [_thread_blocked, id=5672, stack(0x000000cd9dd00000,0x000000cd9de00000)]
  0x00000201cac12840 JavaThread "Unconstrained build operations Thread 74" [_thread_blocked, id=15880, stack(0x000000cd9de00000,0x000000cd9df00000)]
  0x00000201cac131e0 JavaThread "Unconstrained build operations Thread 75" [_thread_blocked, id=9536, stack(0x000000cd9df00000,0x000000cd9e000000)]
  0x00000201cac11ea0 JavaThread "Unconstrained build operations Thread 76" [_thread_blocked, id=1388, stack(0x000000cd9e000000,0x000000cd9e100000)]
  0x00000201cac12370 JavaThread "Unconstrained build operations Thread 77" [_thread_blocked, id=1680, stack(0x000000cd9e100000,0x000000cd9e200000)]
  0x00000201cac17540 JavaThread "Unconstrained build operations Thread 78" [_thread_blocked, id=12340, stack(0x000000cd9e200000,0x000000cd9e300000)]
  0x00000201cac136b0 JavaThread "Unconstrained build operations Thread 79" [_thread_blocked, id=15972, stack(0x000000cd9e300000,0x000000cd9e400000)]
  0x00000201cac13b80 JavaThread "Unconstrained build operations Thread 80" [_thread_blocked, id=13404, stack(0x000000cd9e400000,0x000000cd9e500000)]
  0x00000201cac14520 JavaThread "build event listener" [_thread_blocked, id=11408, stack(0x000000cd9e600000,0x000000cd9e700000)]
  0x00000201cac149f0 JavaThread "included builds" [_thread_blocked, id=6224, stack(0x000000cd9e700000,0x000000cd9e800000)]
  0x00000201cac11500 JavaThread "Execution worker" [_thread_blocked, id=8184, stack(0x000000cd9e800000,0x000000cd9e900000)]
  0x00000201cac15d30 JavaThread "Execution worker Thread 2" [_thread_blocked, id=7208, stack(0x000000cd9e900000,0x000000cd9ea00000)]
  0x00000201cac119d0 JavaThread "Execution worker Thread 3" [_thread_blocked, id=2520, stack(0x000000cd9ea00000,0x000000cd9eb00000)]
  0x00000201cac14ec0 JavaThread "Execution worker Thread 4" [_thread_blocked, id=12036, stack(0x000000cd9eb00000,0x000000cd9ec00000)]
  0x00000201cac14050 JavaThread "Execution worker Thread 5" [_thread_blocked, id=4944, stack(0x000000cd9ec00000,0x000000cd9ed00000)]
  0x00000201cac16200 JavaThread "Execution worker Thread 6" [_thread_blocked, id=3416, stack(0x000000cd9ed00000,0x000000cd9ee00000)]
  0x00000201cac16ba0 JavaThread "Execution worker Thread 7" [_thread_blocked, id=11180, stack(0x000000cd9ee00000,0x000000cd9ef00000)]
  0x00000201cac15860 JavaThread "Cache worker for execution history cache (C:\pdm-projetos\Contador\.gradle\8.0\executionHistory)" [_thread_blocked, id=14708, stack(0x000000cd9ef00000,0x000000cd9f000000)]
  0x00000201d22a1ac0 JavaThread "C2 CompilerThread1" daemon [_thread_blocked, id=15580, stack(0x000000cd97b00000,0x000000cd97c00000)]

Other Threads:
=>0x00000201c5eb2a30 VMThread "VM Thread" [stack: 0x000000cd96100000,0x000000cd96200000] [id=18256]
  0x00000201aa11a1e0 WatcherThread [stack: 0x000000cd96d00000,0x000000cd96e00000] [id=13916]
  0x00000201aa0f76e0 GCTaskThread "GC Thread#0" [stack: 0x000000cd95c00000,0x000000cd95d00000] [id=16824]
  0x00000201c7695240 GCTaskThread "GC Thread#1" [stack: 0x000000cd96e00000,0x000000cd96f00000] [id=17248]
  0x00000201c748a0c0 GCTaskThread "GC Thread#2" [stack: 0x000000cd96f00000,0x000000cd97000000] [id=7648]
  0x00000201c748e380 GCTaskThread "GC Thread#3" [stack: 0x000000cd97000000,0x000000cd97100000] [id=10360]
  0x00000201c781ecc0 GCTaskThread "GC Thread#4" [stack: 0x000000cd97100000,0x000000cd97200000] [id=12888]
  0x00000201c90e57e0 GCTaskThread "GC Thread#5" [stack: 0x000000cd97c00000,0x000000cd97d00000] [id=10816]
  0x00000201c90e6550 GCTaskThread "GC Thread#6" [stack: 0x000000cd97d00000,0x000000cd97e00000] [id=15300]
  0x00000201c90e6800 GCTaskThread "GC Thread#7" [stack: 0x000000cd97e00000,0x000000cd97f00000] [id=13780]
  0x00000201aa108530 ConcurrentGCThread "G1 Main Marker" [stack: 0x000000cd95d00000,0x000000cd95e00000] [id=14064]
  0x00000201aa1095f0 ConcurrentGCThread "G1 Conc#0" [stack: 0x000000cd95e00000,0x000000cd95f00000] [id=9632]
  0x00000201c90e7010 ConcurrentGCThread "G1 Conc#1" [stack: 0x000000cd97f00000,0x000000cd98000000] [id=14756]
  0x00000201aa16e140 ConcurrentGCThread "G1 Refine#0" [stack: 0x000000cd95f00000,0x000000cd96000000] [id=1392]
  0x00000201aa16ea70 ConcurrentGCThread "G1 Service" [stack: 0x000000cd96000000,0x000000cd96100000] [id=15304]

Threads with active compile tasks:
C2 CompilerThread0    82429 13548       4       org.apache.xerces.impl.XMLEntityScanner::scanLiteral (746 bytes)
C2 CompilerThread1    82429 13498       4       org.apache.xerces.impl.XMLNSDocumentScannerImpl::scanStartElement (873 bytes)

VM state: at safepoint (normal execution)

VM Mutex/Monitor currently owned by a thread:  ([mutex/lock_event])
[0x00000201aa093e90] Threads_lock - owner thread: 0x00000201c5eb2a30
[0x00000201aa0938f0] Heap_lock - owner thread: 0x00000201aa108530

Heap address: 0x0000000080000000, size: 2048 MB, Compressed Oops mode: 32-bit

CDS archive(s) not mapped
Compressed class space mapped at: 0x0000000100000000-0x0000000140000000, reserved size: 1073741824
Narrow klass base: 0x0000000000000000, Narrow klass shift: 3, Narrow klass range: 0x140000000

GC Precious Log:
 CPUs: 8 total, 8 available
 Memory: 7915M
 Large Page Support: Disabled
 NUMA Support: Disabled
 Compressed Oops: Enabled (32-bit)
 Heap Region Size: 1M
 Heap Min Capacity: 8M
 Heap Initial Capacity: 124M
 Heap Max Capacity: 2G
 Pre-touch: Disabled
 Parallel Workers: 8
 Concurrent Workers: 2
 Concurrent Refinement Workers: 8
 Periodic GC: Disabled

Heap:
 garbage-first heap   total 270336K, used 183367K [0x0000000080000000, 0x0000000100000000)
  region size 1024K, 16 young (16384K), 9 survivors (9216K)
 Metaspace       used 105737K, committed 106688K, reserved 1146880K
  class space    used 14126K, committed 14592K, reserved 1048576K

Heap Regions: E=young(eden), S=young(survivor), O=old, HS=humongous(starts), HC=humongous(continues), CS=collection set, F=free, OA=open archive, CA=closed archive, TAMS=top-at-mark-start (previous, next)
|   0|0x0000000080000000, 0x0000000080100000, 0x0000000080100000|100%|HS|  |TAMS 0x0000000080100000, 0x0000000080000000| Complete 
|   1|0x0000000080100000, 0x0000000080200000, 0x0000000080200000|100%|HC|  |TAMS 0x0000000080200000, 0x0000000080100000| Complete 
|   2|0x0000000080200000, 0x0000000080300000, 0x0000000080300000|100%|HC|  |TAMS 0x0000000080300000, 0x0000000080200000| Complete 
|   3|0x0000000080300000, 0x0000000080400000, 0x0000000080400000|100%|HC|  |TAMS 0x0000000080400000, 0x0000000080300000| Complete 
|   4|0x0000000080400000, 0x0000000080500000, 0x0000000080500000|100%| O|  |TAMS 0x0000000080500000, 0x0000000080400000| Untracked 
|   5|0x0000000080500000, 0x0000000080600000, 0x0000000080600000|100%| O|  |TAMS 0x0000000080600000, 0x0000000080500000| Untracked 
|   6|0x0000000080600000, 0x0000000080700000, 0x0000000080700000|100%| O|  |TAMS 0x0000000080700000, 0x0000000080600000| Untracked 
|   7|0x0000000080700000, 0x0000000080800000, 0x0000000080800000|100%| O|  |TAMS 0x0000000080800000, 0x0000000080700000| Untracked 
|   8|0x0000000080800000, 0x0000000080900000, 0x0000000080900000|100%| O|  |TAMS 0x0000000080900000, 0x0000000080800000| Untracked 
|   9|0x0000000080900000, 0x0000000080a00000, 0x0000000080a00000|100%| O|  |TAMS 0x0000000080a00000, 0x0000000080900000| Untracked 
|  10|0x0000000080a00000, 0x0000000080af4a00, 0x0000000080b00000| 95%| O|  |TAMS 0x0000000080af4a00, 0x0000000080a00000| Untracked 
|  11|0x0000000080b00000, 0x0000000080c00000, 0x0000000080c00000|100%| O|  |TAMS 0x0000000080c00000, 0x0000000080b00000| Untracked 
|  12|0x0000000080c00000, 0x0000000080d00000, 0x0000000080d00000|100%| O|  |TAMS 0x0000000080d00000, 0x0000000080c00000| Untracked 
|  13|0x0000000080d00000, 0x0000000080e00000, 0x0000000080e00000|100%| O|  |TAMS 0x0000000080e00000, 0x0000000080d00000| Untracked 
|  14|0x0000000080e00000, 0x0000000080f00000, 0x0000000080f00000|100%| O|  |TAMS 0x0000000080f00000, 0x0000000080e00000| Untracked 
|  15|0x0000000080f00000, 0x0000000081000000, 0x0000000081000000|100%| O|  |TAMS 0x0000000081000000, 0x0000000080f00000| Untracked 
|  16|0x0000000081000000, 0x0000000081100000, 0x0000000081100000|100%| O|  |TAMS 0x0000000081100000, 0x0000000081000000| Untracked 
|  17|0x0000000081100000, 0x0000000081200000, 0x0000000081200000|100%| O|  |TAMS 0x0000000081200000, 0x0000000081100000| Untracked 
|  18|0x0000000081200000, 0x0000000081300000, 0x0000000081300000|100%| O|  |TAMS 0x0000000081300000, 0x0000000081200000| Untracked 
|  19|0x0000000081300000, 0x0000000081400000, 0x0000000081400000|100%| O|  |TAMS 0x0000000081400000, 0x0000000081300000| Updating 
|  20|0x0000000081400000, 0x0000000081500000, 0x0000000081500000|100%| O|  |TAMS 0x0000000081500000, 0x0000000081400000| Untracked 
|  21|0x0000000081500000, 0x0000000081600000, 0x0000000081600000|100%|HS|  |TAMS 0x0000000081600000, 0x0000000081500000| Complete 
|  22|0x0000000081600000, 0x0000000081700000, 0x0000000081700000|100%|HC|  |TAMS 0x0000000081700000, 0x0000000081600000| Complete 
|  23|0x0000000081700000, 0x0000000081800000, 0x0000000081800000|100%|HS|  |TAMS 0x0000000081800000, 0x0000000081700000| Complete 
|  24|0x0000000081800000, 0x0000000081900000, 0x0000000081900000|100%|HC|  |TAMS 0x0000000081900000, 0x0000000081800000| Complete 
|  25|0x0000000081900000, 0x0000000081a00000, 0x0000000081a00000|100%|HC|  |TAMS 0x0000000081a00000, 0x0000000081900000| Complete 
|  26|0x0000000081a00000, 0x0000000081b00000, 0x0000000081b00000|100%|HS|  |TAMS 0x0000000081b00000, 0x0000000081a00000| Complete 
|  27|0x0000000081b00000, 0x0000000081c00000, 0x0000000081c00000|100%|HC|  |TAMS 0x0000000081c00000, 0x0000000081b00000| Complete 
|  28|0x0000000081c00000, 0x0000000081d00000, 0x0000000081d00000|100%|HC|  |TAMS 0x0000000081d00000, 0x0000000081c00000| Complete 
|  29|0x0000000081d00000, 0x0000000081e00000, 0x0000000081e00000|100%| O|  |TAMS 0x0000000081e00000, 0x0000000081d00000| Untracked 
|  30|0x0000000081e00000, 0x0000000081f00000, 0x0000000081f00000|100%| O|  |TAMS 0x0000000081f00000, 0x0000000081e00000| Untracked 
|  31|0x0000000081f00000, 0x0000000082000000, 0x0000000082000000|100%| O|  |TAMS 0x0000000082000000, 0x0000000081f00000| Updating 
|  32|0x0000000082000000, 0x0000000082100000, 0x0000000082100000|100%|HS|  |TAMS 0x0000000082100000, 0x0000000082000000| Complete 
|  33|0x0000000082100000, 0x0000000082200000, 0x0000000082200000|100%|HC|  |TAMS 0x0000000082200000, 0x0000000082100000| Complete 
|  34|0x0000000082200000, 0x0000000082300000, 0x0000000082300000|100%| O|  |TAMS 0x0000000082300000, 0x0000000082200000| Untracked 
|  35|0x0000000082300000, 0x0000000082400000, 0x0000000082400000|100%| O|  |TAMS 0x0000000082400000, 0x0000000082300000| Untracked 
|  36|0x0000000082400000, 0x0000000082500000, 0x0000000082500000|100%| O|  |TAMS 0x0000000082500000, 0x0000000082400000| Untracked 
|  37|0x0000000082500000, 0x0000000082600000, 0x0000000082600000|100%| O|  |TAMS 0x0000000082600000, 0x0000000082500000| Untracked 
|  38|0x0000000082600000, 0x0000000082700000, 0x0000000082700000|100%| O|  |TAMS 0x0000000082700000, 0x0000000082600000| Untracked 
|  39|0x0000000082700000, 0x0000000082800000, 0x0000000082800000|100%| O|  |TAMS 0x0000000082800000, 0x0000000082700000| Untracked 
|  40|0x0000000082800000, 0x0000000082900000, 0x0000000082900000|100%| O|  |TAMS 0x0000000082900000, 0x0000000082800000| Updating 
|  41|0x0000000082900000, 0x0000000082a00000, 0x0000000082a00000|100%|HS|  |TAMS 0x0000000082a00000, 0x0000000082900000| Complete 
|  42|0x0000000082a00000, 0x0000000082b00000, 0x0000000082b00000|100%|HC|  |TAMS 0x0000000082b00000, 0x0000000082a00000| Complete 
|  43|0x0000000082b00000, 0x0000000082c00000, 0x0000000082c00000|100%|HC|  |TAMS 0x0000000082c00000, 0x0000000082b00000| Complete 
|  44|0x0000000082c00000, 0x0000000082d00000, 0x0000000082d00000|100%|HC|  |TAMS 0x0000000082d00000, 0x0000000082c00000| Complete 
|  45|0x0000000082d00000, 0x0000000082e00000, 0x0000000082e00000|100%|HC|  |TAMS 0x0000000082e00000, 0x0000000082d00000| Complete 
|  46|0x0000000082e00000, 0x0000000082f00000, 0x0000000082f00000|100%|HC|  |TAMS 0x0000000082f00000, 0x0000000082e00000| Complete 
|  47|0x0000000082f00000, 0x0000000083000000, 0x0000000083000000|100%|HC|  |TAMS 0x0000000083000000, 0x0000000082f00000| Complete 
|  48|0x0000000083000000, 0x0000000083100000, 0x0000000083100000|100%|HC|  |TAMS 0x0000000083100000, 0x0000000083000000| Complete 
|  49|0x0000000083100000, 0x0000000083200000, 0x0000000083200000|100%|HC|  |TAMS 0x0000000083200000, 0x0000000083100000| Complete 
|  50|0x0000000083200000, 0x0000000083300000, 0x0000000083300000|100%|HC|  |TAMS 0x0000000083300000, 0x0000000083200000| Complete 
|  51|0x0000000083300000, 0x0000000083400000, 0x0000000083400000|100%|HC|  |TAMS 0x0000000083400000, 0x0000000083300000| Complete 
|  52|0x0000000083400000, 0x0000000083500000, 0x0000000083500000|100%|HC|  |TAMS 0x0000000083500000, 0x0000000083400000| Complete 
|  53|0x0000000083500000, 0x0000000083600000, 0x0000000083600000|100%| O|  |TAMS 0x0000000083500000, 0x0000000083500000| Untracked 
|  54|0x0000000083600000, 0x0000000083700000, 0x0000000083700000|100%|HS|  |TAMS 0x0000000083700000, 0x0000000083600000| Complete 
|  55|0x0000000083700000, 0x0000000083800000, 0x0000000083800000|100%|HC|  |TAMS 0x0000000083800000, 0x0000000083700000| Complete 
|  56|0x0000000083800000, 0x0000000083900000, 0x0000000083900000|100%|HC|  |TAMS 0x0000000083900000, 0x0000000083800000| Complete 
|  57|0x0000000083900000, 0x0000000083a00000, 0x0000000083a00000|100%|HS|  |TAMS 0x0000000083a00000, 0x0000000083900000| Complete 
|  58|0x0000000083a00000, 0x0000000083b00000, 0x0000000083b00000|100%|HC|  |TAMS 0x0000000083b00000, 0x0000000083a00000| Complete 
|  59|0x0000000083b00000, 0x0000000083c00000, 0x0000000083c00000|100%|HC|  |TAMS 0x0000000083c00000, 0x0000000083b00000| Complete 
|  60|0x0000000083c00000, 0x0000000083d00000, 0x0000000083d00000|100%| O|  |TAMS 0x0000000083d00000, 0x0000000083c00000| Untracked 
|  61|0x0000000083d00000, 0x0000000083e00000, 0x0000000083e00000|100%| O|  |TAMS 0x0000000083e00000, 0x0000000083d00000| Untracked 
|  62|0x0000000083e00000, 0x0000000083f00000, 0x0000000083f00000|100%| O|  |TAMS 0x0000000083f00000, 0x0000000083e00000| Untracked 
|  63|0x0000000083f00000, 0x0000000084000000, 0x0000000084000000|100%| O|  |TAMS 0x0000000084000000, 0x0000000083f00000| Updating 
|  64|0x0000000084000000, 0x0000000084100000, 0x0000000084100000|100%| O|  |TAMS 0x0000000084100000, 0x0000000084000000| Untracked 
|  65|0x0000000084100000, 0x0000000084200000, 0x0000000084200000|100%| O|  |TAMS 0x0000000084200000, 0x0000000084100000| Untracked 
|  66|0x0000000084200000, 0x0000000084300000, 0x0000000084300000|100%| O|  |TAMS 0x0000000084300000, 0x0000000084200000| Untracked 
|  67|0x0000000084300000, 0x0000000084400000, 0x0000000084400000|100%| O|  |TAMS 0x0000000084400000, 0x0000000084300000| Updating 
|  68|0x0000000084400000, 0x0000000084500000, 0x0000000084500000|100%|HS|  |TAMS 0x0000000084500000, 0x0000000084400000| Complete 
|  69|0x0000000084500000, 0x0000000084600000, 0x0000000084600000|100%|HS|  |TAMS 0x0000000084600000, 0x0000000084500000| Complete 
|  70|0x0000000084600000, 0x0000000084700000, 0x0000000084700000|100%| O|  |TAMS 0x0000000084700000, 0x0000000084600000| Untracked 
|  71|0x0000000084700000, 0x0000000084800000, 0x0000000084800000|100%| O|  |TAMS 0x0000000084800000, 0x0000000084700000| Updating 
|  72|0x0000000084800000, 0x0000000084900000, 0x0000000084900000|100%|HS|  |TAMS 0x0000000084900000, 0x0000000084800000| Complete 
|  73|0x0000000084900000, 0x0000000084a00000, 0x0000000084a00000|100%| O|  |TAMS 0x0000000084a00000, 0x0000000084900000| Updating 
|  74|0x0000000084a00000, 0x0000000084b00000, 0x0000000084b00000|100%| O|  |TAMS 0x0000000084b00000, 0x0000000084a00000| Updating 
|  75|0x0000000084b00000, 0x0000000084c00000, 0x0000000084c00000|100%| O|  |TAMS 0x0000000084c00000, 0x0000000084b00000| Updating 
|  76|0x0000000084c00000, 0x0000000084d00000, 0x0000000084d00000|100%| O|  |TAMS 0x0000000084d00000, 0x0000000084c00000| Untracked 
|  77|0x0000000084d00000, 0x0000000084e00000, 0x0000000084e00000|100%| O|  |TAMS 0x0000000084e00000, 0x0000000084d00000| Updating 
|  78|0x0000000084e00000, 0x0000000084f00000, 0x0000000084f00000|100%| O|  |TAMS 0x0000000084f00000, 0x0000000084e00000| Untracked 
|  79|0x0000000084f00000, 0x0000000085000000, 0x0000000085000000|100%| O|  |TAMS 0x0000000085000000, 0x0000000084f00000| Untracked 
|  80|0x0000000085000000, 0x0000000085100000, 0x0000000085100000|100%| O|  |TAMS 0x0000000085100000, 0x0000000085000000| Untracked 
|  81|0x0000000085100000, 0x0000000085200000, 0x0000000085200000|100%| O|  |TAMS 0x0000000085200000, 0x0000000085100000| Untracked 
|  82|0x0000000085200000, 0x0000000085300000, 0x0000000085300000|100%| O|  |TAMS 0x0000000085300000, 0x0000000085200000| Untracked 
|  83|0x0000000085300000, 0x0000000085400000, 0x0000000085400000|100%| O|  |TAMS 0x0000000085400000, 0x0000000085300000| Untracked 
|  84|0x0000000085400000, 0x0000000085500000, 0x0000000085500000|100%| O|  |TAMS 0x0000000085500000, 0x0000000085400000| Untracked 
|  85|0x0000000085500000, 0x0000000085600000, 0x0000000085600000|100%| O|  |TAMS 0x0000000085600000, 0x0000000085500000| Untracked 
|  86|0x0000000085600000, 0x0000000085700000, 0x0000000085700000|100%| O|  |TAMS 0x0000000085700000, 0x0000000085600000| Untracked 
|  87|0x0000000085700000, 0x0000000085800000, 0x0000000085800000|100%| O|  |TAMS 0x0000000085800000, 0x0000000085700000| Updating 
|  88|0x0000000085800000, 0x0000000085900000, 0x0000000085900000|100%| O|  |TAMS 0x0000000085900000, 0x0000000085800000| Updating 
|  89|0x0000000085900000, 0x0000000085a00000, 0x0000000085a00000|100%| O|  |TAMS 0x0000000085a00000, 0x0000000085900000| Untracked 
|  90|0x0000000085a00000, 0x0000000085b00000, 0x0000000085b00000|100%| O|  |TAMS 0x0000000085b00000, 0x0000000085a00000| Updating 
|  91|0x0000000085b00000, 0x0000000085c00000, 0x0000000085c00000|100%| O|  |TAMS 0x0000000085c00000, 0x0000000085b00000| Updating 
|  92|0x0000000085c00000, 0x0000000085d00000, 0x0000000085d00000|100%|HS|  |TAMS 0x0000000085d00000, 0x0000000085c00000| Complete 
|  93|0x0000000085d00000, 0x0000000085e00000, 0x0000000085e00000|100%|HC|  |TAMS 0x0000000085e00000, 0x0000000085d00000| Complete 
|  94|0x0000000085e00000, 0x0000000085f00000, 0x0000000085f00000|100%|HS|  |TAMS 0x0000000085f00000, 0x0000000085e00000| Complete 
|  95|0x0000000085f00000, 0x0000000086000000, 0x0000000086000000|100%|HC|  |TAMS 0x0000000086000000, 0x0000000085f00000| Complete 
|  96|0x0000000086000000, 0x0000000086100000, 0x0000000086100000|100%|HC|  |TAMS 0x0000000086100000, 0x0000000086000000| Complete 
|  97|0x0000000086100000, 0x0000000086200000, 0x0000000086200000|100%|HS|  |TAMS 0x0000000086200000, 0x0000000086100000| Complete 
|  98|0x0000000086200000, 0x0000000086300000, 0x0000000086300000|100%|HC|  |TAMS 0x0000000086300000, 0x0000000086200000| Complete 
|  99|0x0000000086300000, 0x0000000086400000, 0x0000000086400000|100%|HC|  |TAMS 0x0000000086400000, 0x0000000086300000| Complete 
| 100|0x0000000086400000, 0x0000000086500000, 0x0000000086500000|100%|HS|  |TAMS 0x0000000086500000, 0x0000000086400000| Complete 
| 101|0x0000000086500000, 0x0000000086600000, 0x0000000086600000|100%|HC|  |TAMS 0x0000000086600000, 0x0000000086500000| Complete 
| 102|0x0000000086600000, 0x0000000086700000, 0x0000000086700000|100%|HC|  |TAMS 0x0000000086700000, 0x0000000086600000| Complete 
| 103|0x0000000086700000, 0x0000000086800000, 0x0000000086800000|100%|HC|  |TAMS 0x0000000086800000, 0x0000000086700000| Complete 
| 104|0x0000000086800000, 0x0000000086900000, 0x0000000086900000|100%|HC|  |TAMS 0x0000000086900000, 0x0000000086800000| Complete 
| 105|0x0000000086900000, 0x0000000086a00000, 0x0000000086a00000|100%|HC|  |TAMS 0x0000000086a00000, 0x0000000086900000| Complete 
| 106|0x0000000086a00000, 0x0000000086b00000, 0x0000000086b00000|100%|HC|  |TAMS 0x0000000086b00000, 0x0000000086a00000| Complete 
| 107|0x0000000086b00000, 0x0000000086c00000, 0x0000000086c00000|100%|HC|  |TAMS 0x0000000086c00000, 0x0000000086b00000| Complete 
| 108|0x0000000086c00000, 0x0000000086d00000, 0x0000000086d00000|100%|HC|  |TAMS 0x0000000086d00000, 0x0000000086c00000| Complete 
| 109|0x0000000086d00000, 0x0000000086e00000, 0x0000000086e00000|100%|HC|  |TAMS 0x0000000086e00000, 0x0000000086d00000| Complete 
| 110|0x0000000086e00000, 0x0000000086f00000, 0x0000000086f00000|100%|HC|  |TAMS 0x0000000086f00000, 0x0000000086e00000| Complete 
| 111|0x0000000086f00000, 0x0000000087000000, 0x0000000087000000|100%|HC|  |TAMS 0x0000000087000000, 0x0000000086f00000| Complete 
| 112|0x0000000087000000, 0x0000000087100000, 0x0000000087100000|100%| O|  |TAMS 0x0000000087100000, 0x0000000087000000| Updating 
| 113|0x0000000087100000, 0x0000000087200000, 0x0000000087200000|100%| O|  |TAMS 0x0000000087200000, 0x0000000087100000| Updating 
| 114|0x0000000087200000, 0x0000000087300000, 0x0000000087300000|100%|HS|  |TAMS 0x0000000087300000, 0x0000000087200000| Complete 
| 115|0x0000000087300000, 0x0000000087400000, 0x0000000087400000|100%|HC|  |TAMS 0x0000000087400000, 0x0000000087300000| Complete 
| 116|0x0000000087400000, 0x0000000087500000, 0x0000000087500000|100%| O|  |TAMS 0x0000000087500000, 0x0000000087400000| Updating 
| 117|0x0000000087500000, 0x0000000087600000, 0x0000000087600000|100%| O|  |TAMS 0x0000000087600000, 0x0000000087500000| Updating 
| 118|0x0000000087600000, 0x0000000087700000, 0x0000000087700000|100%| O|  |TAMS 0x0000000087700000, 0x0000000087600000| Updating 
| 119|0x0000000087700000, 0x0000000087800000, 0x0000000087800000|100%| O|  |TAMS 0x0000000087800000, 0x0000000087700000| Updating 
| 120|0x0000000087800000, 0x0000000087900000, 0x0000000087900000|100%| O|  |TAMS 0x0000000087900000, 0x0000000087800000| Untracked 
| 121|0x0000000087900000, 0x0000000087a00000, 0x0000000087a00000|100%| O|  |TAMS 0x0000000087a00000, 0x0000000087900000| Untracked 
| 122|0x0000000087a00000, 0x0000000087b00000, 0x0000000087b00000|100%| O|  |TAMS 0x0000000087b00000, 0x0000000087a00000| Untracked 
| 123|0x0000000087b00000, 0x0000000087c00000, 0x0000000087c00000|100%| O|  |TAMS 0x0000000087c00000, 0x0000000087b00000| Untracked 
| 124|0x0000000087c00000, 0x0000000087d00000, 0x0000000087d00000|100%| O|  |TAMS 0x0000000087d00000, 0x0000000087c00000| Updating 
| 125|0x0000000087d00000, 0x0000000087e00000, 0x0000000087e00000|100%| O|  |TAMS 0x0000000087e00000, 0x0000000087d00000| Updating 
| 126|0x0000000087e00000, 0x0000000087f00000, 0x0000000087f00000|100%| O|  |TAMS 0x0000000087f00000, 0x0000000087e00000| Updating 
| 127|0x0000000087f00000, 0x0000000088000000, 0x0000000088000000|100%| O|  |TAMS 0x0000000088000000, 0x0000000087f00000| Updating 
| 128|0x0000000088000000, 0x0000000088100000, 0x0000000088100000|100%| O|  |TAMS 0x0000000088100000, 0x0000000088000000| Updating 
| 129|0x0000000088100000, 0x0000000088200000, 0x0000000088200000|100%| O|  |TAMS 0x0000000088200000, 0x0000000088100000| Updating 
| 130|0x0000000088200000, 0x0000000088300000, 0x0000000088300000|100%| O|  |TAMS 0x0000000088300000, 0x0000000088200000| Updating 
| 131|0x0000000088300000, 0x0000000088400000, 0x0000000088400000|100%| O|  |TAMS 0x0000000088400000, 0x0000000088300000| Updating 
| 132|0x0000000088400000, 0x0000000088500000, 0x0000000088500000|100%| O|  |TAMS 0x0000000088500000, 0x0000000088400000| Updating 
| 133|0x0000000088500000, 0x0000000088600000, 0x0000000088600000|100%| O|  |TAMS 0x0000000088600000, 0x0000000088500000| Untracked 
| 134|0x0000000088600000, 0x0000000088700000, 0x0000000088700000|100%| O|  |TAMS 0x0000000088700000, 0x0000000088600000| Updating 
| 135|0x0000000088700000, 0x0000000088800000, 0x0000000088800000|100%| O|  |TAMS 0x0000000088800000, 0x0000000088700000| Updating 
| 136|0x0000000088800000, 0x0000000088900000, 0x0000000088900000|100%| O|  |TAMS 0x0000000088900000, 0x0000000088800000| Updating 
| 137|0x0000000088900000, 0x0000000088a00000, 0x0000000088a00000|100%| O|  |TAMS 0x0000000088a00000, 0x0000000088900000| Updating 
| 138|0x0000000088a00000, 0x0000000088b00000, 0x0000000088b00000|100%| O|  |TAMS 0x0000000088b00000, 0x0000000088a00000| Updating 
| 139|0x0000000088b00000, 0x0000000088c00000, 0x0000000088c00000|100%| O|  |TAMS 0x0000000088c00000, 0x0000000088b00000| Untracked 
| 140|0x0000000088c00000, 0x0000000088d00000, 0x0000000088d00000|100%| O|  |TAMS 0x0000000088d00000, 0x0000000088c00000| Untracked 
| 141|0x0000000088d00000, 0x0000000088e00000, 0x0000000088e00000|100%| O|  |TAMS 0x0000000088e00000, 0x0000000088d00000| Untracked 
| 142|0x0000000088e00000, 0x0000000088f00000, 0x0000000088f00000|100%| O|  |TAMS 0x0000000088f00000, 0x0000000088e00000| Untracked 
| 143|0x0000000088f00000, 0x0000000089000000, 0x0000000089000000|100%| O|  |TAMS 0x0000000089000000, 0x0000000088f00000| Untracked 
| 144|0x0000000089000000, 0x0000000089100000, 0x0000000089100000|100%| O|  |TAMS 0x0000000089100000, 0x0000000089000000| Untracked 
| 145|0x0000000089100000, 0x0000000089200000, 0x0000000089200000|100%| O|  |TAMS 0x0000000089200000, 0x0000000089100000| Untracked 
| 146|0x0000000089200000, 0x0000000089300000, 0x0000000089300000|100%| O|  |TAMS 0x0000000089300000, 0x0000000089200000| Updating 
| 147|0x0000000089300000, 0x0000000089400000, 0x0000000089400000|100%| O|  |TAMS 0x00000000893ee600, 0x0000000089300000| Updating 
| 148|0x0000000089400000, 0x0000000089500000, 0x0000000089500000|100%| O|  |TAMS 0x0000000089400000, 0x0000000089400000| Untracked 
| 149|0x0000000089500000, 0x0000000089600000, 0x0000000089600000|100%| O|  |TAMS 0x0000000089500000, 0x0000000089500000| Untracked 
| 150|0x0000000089600000, 0x0000000089700000, 0x0000000089700000|100%| O|  |TAMS 0x0000000089600000, 0x0000000089600000| Untracked 
| 151|0x0000000089700000, 0x0000000089800000, 0x0000000089800000|100%| O|  |TAMS 0x0000000089700000, 0x0000000089700000| Untracked 
| 152|0x0000000089800000, 0x0000000089900000, 0x0000000089900000|100%| O|  |TAMS 0x0000000089800000, 0x0000000089800000| Untracked 
| 153|0x0000000089900000, 0x0000000089a00000, 0x0000000089a00000|100%| O|  |TAMS 0x0000000089900000, 0x0000000089900000| Untracked 
| 154|0x0000000089a00000, 0x0000000089b00000, 0x0000000089b00000|100%| O|  |TAMS 0x0000000089a00000, 0x0000000089a00000| Untracked 
| 155|0x0000000089b00000, 0x0000000089b71600, 0x0000000089c00000| 44%| O|  |TAMS 0x0000000089b00000, 0x0000000089b00000| Updating 
| 156|0x0000000089c00000, 0x0000000089d00000, 0x0000000089d00000|100%|HS|  |TAMS 0x0000000089c00000, 0x0000000089c00000| Complete 
| 157|0x0000000089d00000, 0x0000000089e00000, 0x0000000089e00000|100%|HS|  |TAMS 0x0000000089d00000, 0x0000000089d00000| Complete 
| 158|0x0000000089e00000, 0x0000000089f00000, 0x0000000089f00000|100%|HC|  |TAMS 0x0000000089e00000, 0x0000000089e00000| Complete 
| 159|0x0000000089f00000, 0x000000008a000000, 0x000000008a000000|100%|HS|  |TAMS 0x0000000089f00000, 0x0000000089f00000| Complete 
| 160|0x000000008a000000, 0x000000008a100000, 0x000000008a100000|100%|HS|  |TAMS 0x000000008a000000, 0x000000008a000000| Complete 
| 161|0x000000008a100000, 0x000000008a200000, 0x000000008a200000|100%|HS|  |TAMS 0x000000008a100000, 0x000000008a100000| Complete 
| 162|0x000000008a200000, 0x000000008a300000, 0x000000008a300000|100%|HC|  |TAMS 0x000000008a200000, 0x000000008a200000| Complete 
| 163|0x000000008a300000, 0x000000008a400000, 0x000000008a400000|100%|HS|  |TAMS 0x000000008a300000, 0x000000008a300000| Complete 
| 164|0x000000008a400000, 0x000000008a500000, 0x000000008a500000|100%|HC|  |TAMS 0x000000008a400000, 0x000000008a400000| Complete 
| 165|0x000000008a500000, 0x000000008a500000, 0x000000008a600000|  0%| F|  |TAMS 0x000000008a500000, 0x000000008a500000| Untracked 
| 166|0x000000008a600000, 0x000000008a600000, 0x000000008a700000|  0%| F|  |TAMS 0x000000008a600000, 0x000000008a600000| Untracked 
| 167|0x000000008a700000, 0x000000008a700000, 0x000000008a800000|  0%| F|  |TAMS 0x000000008a700000, 0x000000008a700000| Untracked 
| 168|0x000000008a800000, 0x000000008a800000, 0x000000008a900000|  0%| F|  |TAMS 0x000000008a800000, 0x000000008a800000| Untracked 
| 169|0x000000008a900000, 0x000000008a900000, 0x000000008aa00000|  0%| F|  |TAMS 0x000000008a900000, 0x000000008a900000| Untracked 
| 170|0x000000008aa00000, 0x000000008aa00000, 0x000000008ab00000|  0%| F|  |TAMS 0x000000008aa00000, 0x000000008aa00000| Untracked 
| 171|0x000000008ab00000, 0x000000008ab00000, 0x000000008ac00000|  0%| F|  |TAMS 0x000000008ab00000, 0x000000008ab00000| Untracked 
| 172|0x000000008ac00000, 0x000000008ac00000, 0x000000008ad00000|  0%| F|  |TAMS 0x000000008ac00000, 0x000000008ac00000| Untracked 
| 173|0x000000008ad00000, 0x000000008ad00000, 0x000000008ae00000|  0%| F|  |TAMS 0x000000008ad00000, 0x000000008ad00000| Untracked 
| 174|0x000000008ae00000, 0x000000008ae00000, 0x000000008af00000|  0%| F|  |TAMS 0x000000008ae00000, 0x000000008ae00000| Untracked 
| 175|0x000000008af00000, 0x000000008af00000, 0x000000008b000000|  0%| F|  |TAMS 0x000000008af00000, 0x000000008af00000| Untracked 
| 176|0x000000008b000000, 0x000000008b000000, 0x000000008b100000|  0%| F|  |TAMS 0x000000008b000000, 0x000000008b000000| Untracked 
| 177|0x000000008b100000, 0x000000008b100000, 0x000000008b200000|  0%| F|  |TAMS 0x000000008b100000, 0x000000008b100000| Untracked 
| 178|0x000000008b200000, 0x000000008b200000, 0x000000008b300000|  0%| F|  |TAMS 0x000000008b200000, 0x000000008b200000| Untracked 
| 179|0x000000008b300000, 0x000000008b300000, 0x000000008b400000|  0%| F|  |TAMS 0x000000008b300000, 0x000000008b300000| Untracked 
| 180|0x000000008b400000, 0x000000008b400000, 0x000000008b500000|  0%| F|  |TAMS 0x000000008b400000, 0x000000008b400000| Untracked 
| 181|0x000000008b500000, 0x000000008b500000, 0x000000008b600000|  0%| F|  |TAMS 0x000000008b500000, 0x000000008b500000| Untracked 
| 182|0x000000008b600000, 0x000000008b600000, 0x000000008b700000|  0%| F|  |TAMS 0x000000008b600000, 0x000000008b600000| Untracked 
| 183|0x000000008b700000, 0x000000008b700000, 0x000000008b800000|  0%| F|  |TAMS 0x000000008b700000, 0x000000008b700000| Untracked 
| 184|0x000000008b800000, 0x000000008b800000, 0x000000008b900000|  0%| F|  |TAMS 0x000000008b800000, 0x000000008b800000| Untracked 
| 185|0x000000008b900000, 0x000000008b900000, 0x000000008ba00000|  0%| F|  |TAMS 0x000000008b900000, 0x000000008b900000| Untracked 
| 186|0x000000008ba00000, 0x000000008ba00000, 0x000000008bb00000|  0%| F|  |TAMS 0x000000008ba00000, 0x000000008ba00000| Untracked 
| 187|0x000000008bb00000, 0x000000008bb00000, 0x000000008bc00000|  0%| F|  |TAMS 0x000000008bb00000, 0x000000008bb00000| Untracked 
| 188|0x000000008bc00000, 0x000000008bc00000, 0x000000008bd00000|  0%| F|  |TAMS 0x000000008bc00000, 0x000000008bc00000| Untracked 
| 189|0x000000008bd00000, 0x000000008bd00000, 0x000000008be00000|  0%| F|  |TAMS 0x000000008bd00000, 0x000000008bd00000| Untracked 
| 190|0x000000008be00000, 0x000000008be00000, 0x000000008bf00000|  0%| F|  |TAMS 0x000000008be00000, 0x000000008be00000| Untracked 
| 191|0x000000008bf00000, 0x000000008bf00000, 0x000000008c000000|  0%| F|  |TAMS 0x000000008bf00000, 0x000000008bf00000| Untracked 
| 192|0x000000008c000000, 0x000000008c000000, 0x000000008c100000|  0%| F|  |TAMS 0x000000008c000000, 0x000000008c000000| Untracked 
| 193|0x000000008c100000, 0x000000008c100000, 0x000000008c200000|  0%| F|  |TAMS 0x000000008c100000, 0x000000008c100000| Untracked 
| 194|0x000000008c200000, 0x000000008c200000, 0x000000008c300000|  0%| F|  |TAMS 0x000000008c200000, 0x000000008c200000| Untracked 
| 195|0x000000008c300000, 0x000000008c300000, 0x000000008c400000|  0%| F|  |TAMS 0x000000008c300000, 0x000000008c300000| Untracked 
| 196|0x000000008c400000, 0x000000008c400000, 0x000000008c500000|  0%| F|  |TAMS 0x000000008c400000, 0x000000008c400000| Untracked 
| 197|0x000000008c500000, 0x000000008c500000, 0x000000008c600000|  0%| F|  |TAMS 0x000000008c500000, 0x000000008c500000| Untracked 
| 198|0x000000008c600000, 0x000000008c600000, 0x000000008c700000|  0%| F|  |TAMS 0x000000008c600000, 0x000000008c600000| Untracked 
| 199|0x000000008c700000, 0x000000008c700000, 0x000000008c800000|  0%| F|  |TAMS 0x000000008c700000, 0x000000008c700000| Untracked 
| 200|0x000000008c800000, 0x000000008c800000, 0x000000008c900000|  0%| F|  |TAMS 0x000000008c800000, 0x000000008c800000| Untracked 
| 201|0x000000008c900000, 0x000000008c900000, 0x000000008ca00000|  0%| F|  |TAMS 0x000000008c900000, 0x000000008c900000| Untracked 
| 202|0x000000008ca00000, 0x000000008ca00000, 0x000000008cb00000|  0%| F|  |TAMS 0x000000008ca00000, 0x000000008ca00000| Untracked 
| 203|0x000000008cb00000, 0x000000008cb00000, 0x000000008cc00000|  0%| F|  |TAMS 0x000000008cb00000, 0x000000008cb00000| Untracked 
| 204|0x000000008cc00000, 0x000000008cc00000, 0x000000008cd00000|  0%| F|  |TAMS 0x000000008cc00000, 0x000000008cc00000| Untracked 
| 205|0x000000008cd00000, 0x000000008cd00000, 0x000000008ce00000|  0%| F|  |TAMS 0x000000008cd00000, 0x000000008cd00000| Untracked 
| 206|0x000000008ce00000, 0x000000008ce00000, 0x000000008cf00000|  0%| F|  |TAMS 0x000000008ce00000, 0x000000008ce00000| Untracked 
| 207|0x000000008cf00000, 0x000000008cf00000, 0x000000008d000000|  0%| F|  |TAMS 0x000000008cf00000, 0x000000008cf00000| Untracked 
| 208|0x000000008d000000, 0x000000008d000000, 0x000000008d100000|  0%| F|  |TAMS 0x000000008d000000, 0x000000008d000000| Untracked 
| 209|0x000000008d100000, 0x000000008d100000, 0x000000008d200000|  0%| F|  |TAMS 0x000000008d100000, 0x000000008d100000| Untracked 
| 210|0x000000008d200000, 0x000000008d200000, 0x000000008d300000|  0%| F|  |TAMS 0x000000008d200000, 0x000000008d200000| Untracked 
| 211|0x000000008d300000, 0x000000008d300000, 0x000000008d400000|  0%| F|  |TAMS 0x000000008d300000, 0x000000008d300000| Untracked 
| 212|0x000000008d400000, 0x000000008d400000, 0x000000008d500000|  0%| F|  |TAMS 0x000000008d400000, 0x000000008d400000| Untracked 
| 213|0x000000008d500000, 0x000000008d500000, 0x000000008d600000|  0%| F|  |TAMS 0x000000008d500000, 0x000000008d500000| Untracked 
| 214|0x000000008d600000, 0x000000008d600000, 0x000000008d700000|  0%| F|  |TAMS 0x000000008d600000, 0x000000008d600000| Untracked 
| 215|0x000000008d700000, 0x000000008d700000, 0x000000008d800000|  0%| F|  |TAMS 0x000000008d700000, 0x000000008d700000| Untracked 
| 216|0x000000008d800000, 0x000000008d800000, 0x000000008d900000|  0%| F|  |TAMS 0x000000008d800000, 0x000000008d800000| Untracked 
| 217|0x000000008d900000, 0x000000008d900000, 0x000000008da00000|  0%| F|  |TAMS 0x000000008d900000, 0x000000008d900000| Untracked 
| 218|0x000000008da00000, 0x000000008da00000, 0x000000008db00000|  0%| F|  |TAMS 0x000000008da00000, 0x000000008da00000| Untracked 
| 219|0x000000008db00000, 0x000000008db00000, 0x000000008dc00000|  0%| F|  |TAMS 0x000000008db00000, 0x000000008db00000| Untracked 
| 220|0x000000008dc00000, 0x000000008dc00000, 0x000000008dd00000|  0%| F|  |TAMS 0x000000008dc00000, 0x000000008dc00000| Untracked 
| 221|0x000000008dd00000, 0x000000008dd00000, 0x000000008de00000|  0%| F|  |TAMS 0x000000008dd00000, 0x000000008dd00000| Untracked 
| 222|0x000000008de00000, 0x000000008de00000, 0x000000008df00000|  0%| F|  |TAMS 0x000000008de00000, 0x000000008de00000| Untracked 
| 223|0x000000008df00000, 0x000000008dfabee0, 0x000000008e000000| 67%| S|CS|TAMS 0x000000008df00000, 0x000000008df00000| Complete 
| 224|0x000000008e000000, 0x000000008e100000, 0x000000008e100000|100%| S|CS|TAMS 0x000000008e000000, 0x000000008e000000| Complete 
| 225|0x000000008e100000, 0x000000008e200000, 0x000000008e200000|100%| S|CS|TAMS 0x000000008e100000, 0x000000008e100000| Complete 
| 226|0x000000008e200000, 0x000000008e300000, 0x000000008e300000|100%| S|CS|TAMS 0x000000008e200000, 0x000000008e200000| Complete 
| 227|0x000000008e300000, 0x000000008e400000, 0x000000008e400000|100%| S|CS|TAMS 0x000000008e300000, 0x000000008e300000| Complete 
| 228|0x000000008e400000, 0x000000008e500000, 0x000000008e500000|100%| S|CS|TAMS 0x000000008e400000, 0x000000008e400000| Complete 
| 229|0x000000008e500000, 0x000000008e600000, 0x000000008e600000|100%| S|CS|TAMS 0x000000008e500000, 0x000000008e500000| Complete 
| 230|0x000000008e600000, 0x000000008e700000, 0x000000008e700000|100%| S|CS|TAMS 0x000000008e600000, 0x000000008e600000| Complete 
| 231|0x000000008e700000, 0x000000008e800000, 0x000000008e800000|100%| S|CS|TAMS 0x000000008e700000, 0x000000008e700000| Complete 
| 232|0x000000008e800000, 0x000000008e800000, 0x000000008e900000|  0%| F|  |TAMS 0x000000008e800000, 0x000000008e800000| Untracked 
| 233|0x000000008e900000, 0x000000008e900000, 0x000000008ea00000|  0%| F|  |TAMS 0x000000008e900000, 0x000000008e900000| Untracked 
| 234|0x000000008ea00000, 0x000000008ea00000, 0x000000008eb00000|  0%| F|  |TAMS 0x000000008ea00000, 0x000000008ea00000| Untracked 
| 235|0x000000008eb00000, 0x000000008eb00000, 0x000000008ec00000|  0%| F|  |TAMS 0x000000008eb00000, 0x000000008eb00000| Untracked 
| 236|0x000000008ec00000, 0x000000008ec00000, 0x000000008ed00000|  0%| F|  |TAMS 0x000000008ec00000, 0x000000008ec00000| Untracked 
| 237|0x000000008ed00000, 0x000000008ed00000, 0x000000008ee00000|  0%| F|  |TAMS 0x000000008ed00000, 0x000000008ed00000| Untracked 
| 238|0x000000008ee00000, 0x000000008ee00000, 0x000000008ef00000|  0%| F|  |TAMS 0x000000008ee00000, 0x000000008ee00000| Untracked 
| 239|0x000000008ef00000, 0x000000008ef00000, 0x000000008f000000|  0%| F|  |TAMS 0x000000008ef00000, 0x000000008ef00000| Untracked 
| 240|0x000000008f000000, 0x000000008f000000, 0x000000008f100000|  0%| F|  |TAMS 0x000000008f000000, 0x000000008f000000| Untracked 
| 241|0x000000008f100000, 0x000000008f100000, 0x000000008f200000|  0%| F|  |TAMS 0x000000008f100000, 0x000000008f100000| Untracked 
| 242|0x000000008f200000, 0x000000008f200000, 0x000000008f300000|  0%| F|  |TAMS 0x000000008f200000, 0x000000008f200000| Untracked 
| 243|0x000000008f300000, 0x000000008f300000, 0x000000008f400000|  0%| F|  |TAMS 0x000000008f300000, 0x000000008f300000| Untracked 
| 244|0x000000008f400000, 0x000000008f400000, 0x000000008f500000|  0%| F|  |TAMS 0x000000008f400000, 0x000000008f400000| Untracked 
| 245|0x000000008f500000, 0x000000008f500000, 0x000000008f600000|  0%| F|  |TAMS 0x000000008f500000, 0x000000008f500000| Untracked 
| 246|0x000000008f600000, 0x000000008f600000, 0x000000008f700000|  0%| F|  |TAMS 0x000000008f600000, 0x000000008f600000| Untracked 
| 247|0x000000008f700000, 0x000000008f700000, 0x000000008f800000|  0%| F|  |TAMS 0x000000008f700000, 0x000000008f700000| Untracked 
| 248|0x000000008f800000, 0x000000008f800000, 0x000000008f900000|  0%| F|  |TAMS 0x000000008f800000, 0x000000008f800000| Untracked 
| 249|0x000000008f900000, 0x000000008f900000, 0x000000008fa00000|  0%| F|  |TAMS 0x000000008f900000, 0x000000008f900000| Untracked 
| 250|0x000000008fa00000, 0x000000008fa00000, 0x000000008fb00000|  0%| F|  |TAMS 0x000000008fa00000, 0x000000008fa00000| Untracked 
| 251|0x000000008fb00000, 0x000000008fb00000, 0x000000008fc00000|  0%| F|  |TAMS 0x000000008fb00000, 0x000000008fb00000| Untracked 
| 252|0x000000008fc00000, 0x000000008fc00000, 0x000000008fd00000|  0%| F|  |TAMS 0x000000008fc00000, 0x000000008fc00000| Untracked 
| 253|0x000000008fd00000, 0x000000008fd00000, 0x000000008fe00000|  0%| F|  |TAMS 0x000000008fd00000, 0x000000008fd00000| Untracked 
| 254|0x000000008fe00000, 0x000000008fe00000, 0x000000008ff00000|  0%| F|  |TAMS 0x000000008fe00000, 0x000000008fe00000| Untracked 
| 255|0x000000008ff00000, 0x000000008ff00000, 0x0000000090000000|  0%| F|  |TAMS 0x000000008ff00000, 0x000000008ff00000| Untracked 
| 256|0x0000000090000000, 0x0000000090000000, 0x0000000090100000|  0%| F|  |TAMS 0x0000000090000000, 0x0000000090000000| Untracked 
| 257|0x0000000090100000, 0x0000000090164e68, 0x0000000090200000| 39%| E|  |TAMS 0x0000000090100000, 0x0000000090100000| Complete 
| 258|0x0000000090200000, 0x0000000090300000, 0x0000000090300000|100%| E|CS|TAMS 0x0000000090200000, 0x0000000090200000| Complete 
| 259|0x0000000090300000, 0x0000000090400000, 0x0000000090400000|100%| E|CS|TAMS 0x0000000090300000, 0x0000000090300000| Complete 
| 260|0x0000000090400000, 0x0000000090500000, 0x0000000090500000|100%| E|CS|TAMS 0x0000000090400000, 0x0000000090400000| Complete 
| 261|0x0000000090500000, 0x0000000090600000, 0x0000000090600000|100%| E|CS|TAMS 0x0000000090500000, 0x0000000090500000| Complete 
| 262|0x0000000090600000, 0x0000000090700000, 0x0000000090700000|100%| E|CS|TAMS 0x0000000090600000, 0x0000000090600000| Complete 
| 263|0x0000000090700000, 0x0000000090800000, 0x0000000090800000|100%| E|CS|TAMS 0x0000000090700000, 0x0000000090700000| Complete 

Card table byte_map: [0x00000201bebd0000,0x00000201befd0000] _byte_map_base: 0x00000201be7d0000

Marking Bits (Prev, Next): (CMBitMap*) 0x00000201aa0f7c00, (CMBitMap*) 0x00000201aa0f7c40
 Prev Bits: [0x00000201bf3d0000, 0x00000201c13d0000)
 Next Bits: [0x00000201c13d0000, 0x00000201c33d0000)

Polling page: 0x00000201aa170000

Metaspace:

Usage:
  Non-class:     89.46 MB used.
      Class:     13.80 MB used.
       Both:    103.26 MB used.

Virtual space:
  Non-class space:       96.00 MB reserved,      89.94 MB ( 94%) committed,  12 nodes.
      Class space:        1.00 GB reserved,      14.25 MB (  1%) committed,  1 nodes.
             Both:        1.09 GB reserved,     104.19 MB (  9%) committed. 

Chunk freelists:
   Non-Class:  1.83 MB
       Class:  1.72 MB
        Both:  3.55 MB

MaxMetaspaceSize: unlimited
CompressedClassSpaceSize: 1.00 GB
Initial GC threshold: 21.00 MB
Current GC threshold: 163.88 MB
CDS: off
MetaspaceReclaimPolicy: balanced
 - commit_granule_bytes: 65536.
 - commit_granule_words: 8192.
 - virtual_space_node_default_size: 1048576.
 - enlarge_chunks_in_place: 1.
 - new_chunks_are_fully_committed: 0.
 - uncommit_free_chunks: 1.
 - use_allocation_guard: 0.
 - handle_deallocations: 1.


Internal statistics:

num_allocs_failed_limit: 3.
num_arena_births: 1378.
num_arena_deaths: 6.
num_vsnodes_births: 13.
num_vsnodes_deaths: 0.
num_space_committed: 1666.
num_space_uncommitted: 0.
num_chunks_returned_to_freelist: 12.
num_chunks_taken_from_freelist: 5578.
num_chunk_merges: 3.
num_chunk_splits: 3547.
num_chunks_enlarged: 2177.
num_purges: 2.
num_inconsistent_stats: 0.

CodeHeap 'non-profiled nmethods': size=120000Kb used=6131Kb max_used=6131Kb free=113868Kb
 bounds [0x00000201b6830000, 0x00000201b6e30000, 0x00000201bdd60000]
CodeHeap 'profiled nmethods': size=120000Kb used=22605Kb max_used=23356Kb free=97394Kb
 bounds [0x00000201aed60000, 0x00000201b0470000, 0x00000201b6290000]
CodeHeap 'non-nmethods': size=5760Kb used=2435Kb max_used=2519Kb free=3324Kb
 bounds [0x00000201b6290000, 0x00000201b6510000, 0x00000201b6830000]
 total_blobs=12572 nmethods=11614 adapters=869
 compilation: enabled
              stopped_count=0, restarted_count=0
 full_count=0

Compilation events (20 events):
Event: 81.880 Thread 0x00000201c68281b0 13544       2       org.apache.xerces.xni.XMLString::setValues (17 bytes)
Event: 81.881 Thread 0x00000201c68281b0 nmethod 13544 0x00000201af27a690 code [0x00000201af27a820, 0x00000201af27a998]
Event: 81.881 Thread 0x00000201c68281b0 13540       2       org.apache.xerces.util.XMLAttributesImpl::setSpecified (11 bytes)
Event: 81.881 Thread 0x00000201c68281b0 nmethod 13540 0x00000201af591610 code [0x00000201af5917a0, 0x00000201af5918d8]
Event: 81.881 Thread 0x00000201c68281b0 13539       2       org.apache.xerces.util.XMLAttributesImpl::setValue (18 bytes)
Event: 81.881 Thread 0x00000201c68281b0 nmethod 13539 0x00000201af61cf10 code [0x00000201af61d0c0, 0x00000201af61d2b8]
Event: 81.881 Thread 0x00000201c68281b0 13545       3       org.apache.xerces.util.XMLStringBuffer::append (17 bytes)
Event: 81.881 Thread 0x00000201c68281b0 nmethod 13545 0x00000201b00ab810 code [0x00000201b00ab9c0, 0x00000201b00abb28]
Event: 81.901 Thread 0x00000201c68281b0 13552       3       org.apache.xerces.dom.CoreDocumentImpl::checkDOMNSErr (135 bytes)
Event: 81.902 Thread 0x00000201c68281b0 nmethod 13552 0x00000201af2cc510 code [0x00000201af2cc7a0, 0x00000201af2ccf18]
Event: 81.905 Thread 0x00000201c68281b0 13555       3       org.apache.xerces.impl.XMLScanner::scanComment (105 bytes)
Event: 81.906 Thread 0x00000201c68281b0 nmethod 13555 0x00000201af3d4b90 code [0x00000201af3d4e00, 0x00000201af3d5c28]
Event: 81.906 Thread 0x00000201c68281b0 13556   !   3       org.apache.xerces.parsers.AbstractSAXParser::comment (39 bytes)
Event: 81.906 Thread 0x00000201c68281b0 nmethod 13556 0x00000201af36a990 code [0x00000201af36ab60, 0x00000201af36ae78]
Event: 81.907 Thread 0x00000201c68281b0 13558       3       org.apache.xerces.impl.XMLDocumentFragmentScannerImpl::scanComment (40 bytes)
Event: 81.907 Thread 0x00000201c68281b0 nmethod 13558 0x00000201af046390 code [0x00000201af046540, 0x00000201af046838]
Event: 81.923 Thread 0x00000201c68281b0 13560       3       com.android.ide.common.resources.ValueResourceParser2::addStyleableItems (182 bytes)
Event: 81.924 Thread 0x00000201c68281b0 nmethod 13560 0x00000201b00ac690 code [0x00000201b00ac940, 0x00000201b00ad8d8]
Event: 81.931 Thread 0x00000201c68278b0 nmethod 13535 0x00000201b6e29010 code [0x00000201b6e29320, 0x00000201b6e2bdd8]
Event: 81.932 Thread 0x00000201c68278b0 13548       4       org.apache.xerces.impl.XMLEntityScanner::scanLiteral (746 bytes)

GC Heap History (20 events):
Event: 11.420 GC heap before
{Heap before GC invocations=48 (full 0):
 garbage-first heap   total 225280K, used 135187K [0x0000000080000000, 0x0000000100000000)
  region size 1024K, 12 young (12288K), 2 survivors (2048K)
 Metaspace       used 81961K, committed 82688K, reserved 1122304K
  class space    used 11167K, committed 11520K, reserved 1048576K
}
Event: 11.426 GC heap after
{Heap after GC invocations=49 (full 0):
 garbage-first heap   total 225280K, used 128067K [0x0000000080000000, 0x0000000100000000)
  region size 1024K, 4 young (4096K), 4 survivors (4096K)
 Metaspace       used 81961K, committed 82688K, reserved 1122304K
  class space    used 11167K, committed 11520K, reserved 1048576K
}
Event: 12.125 GC heap before
{Heap before GC invocations=50 (full 0):
 garbage-first heap   total 225280K, used 166979K [0x0000000080000000, 0x0000000100000000)
  region size 1024K, 41 young (41984K), 4 survivors (4096K)
 Metaspace       used 88605K, committed 89344K, reserved 1130496K
  class space    used 12012K, committed 12352K, reserved 1048576K
}
Event: 12.130 GC heap after
{Heap after GC invocations=51 (full 0):
 garbage-first heap   total 225280K, used 129647K [0x0000000080000000, 0x0000000100000000)
  region size 1024K, 5 young (5120K), 5 survivors (5120K)
 Metaspace       used 88605K, committed 89344K, reserved 1130496K
  class space    used 12012K, committed 12352K, reserved 1048576K
}
Event: 12.231 GC heap before
{Heap before GC invocations=51 (full 0):
 garbage-first heap   total 225280K, used 135791K [0x0000000080000000, 0x0000000100000000)
  region size 1024K, 11 young (11264K), 5 survivors (5120K)
 Metaspace       used 89251K, committed 89984K, reserved 1130496K
  class space    used 12098K, committed 12416K, reserved 1048576K
}
Event: 12.234 GC heap after
{Heap after GC invocations=52 (full 0):
 garbage-first heap   total 225280K, used 129904K [0x0000000080000000, 0x0000000100000000)
  region size 1024K, 1 young (1024K), 1 survivors (1024K)
 Metaspace       used 89251K, committed 89984K, reserved 1130496K
  class space    used 12098K, committed 12416K, reserved 1048576K
}
Event: 12.834 GC heap before
{Heap before GC invocations=52 (full 0):
 garbage-first heap   total 225280K, used 170864K [0x0000000080000000, 0x0000000100000000)
  region size 1024K, 41 young (41984K), 1 survivors (1024K)
 Metaspace       used 93922K, committed 94784K, reserved 1138688K
  class space    used 12662K, committed 13056K, reserved 1048576K
}
Event: 12.839 GC heap after
{Heap after GC invocations=53 (full 0):
 garbage-first heap   total 270336K, used 133075K [0x0000000080000000, 0x0000000100000000)
  region size 1024K, 4 young (4096K), 4 survivors (4096K)
 Metaspace       used 93922K, committed 94784K, reserved 1138688K
  class space    used 12662K, committed 13056K, reserved 1048576K
}
Event: 13.395 GC heap before
{Heap before GC invocations=53 (full 0):
 garbage-first heap   total 270336K, used 197587K [0x0000000080000000, 0x0000000100000000)
  region size 1024K, 68 young (69632K), 4 survivors (4096K)
 Metaspace       used 95615K, committed 96384K, reserved 1138688K
  class space    used 12824K, committed 13184K, reserved 1048576K
}
Event: 13.401 GC heap after
{Heap after GC invocations=54 (full 0):
 garbage-first heap   total 270336K, used 137588K [0x0000000080000000, 0x0000000100000000)
  region size 1024K, 9 young (9216K), 9 survivors (9216K)
 Metaspace       used 95615K, committed 96384K, reserved 1138688K
  class space    used 12824K, committed 13184K, reserved 1048576K
}
Event: 76.370 GC heap before
{Heap before GC invocations=54 (full 0):
 garbage-first heap   total 270336K, used 208244K [0x0000000080000000, 0x0000000100000000)
  region size 1024K, 78 young (79872K), 9 survivors (9216K)
 Metaspace       used 99759K, committed 100672K, reserved 1138688K
  class space    used 13375K, committed 13824K, reserved 1048576K
}
Event: 76.551 GC heap after
{Heap after GC invocations=55 (full 0):
 garbage-first heap   total 270336K, used 142982K [0x0000000080000000, 0x0000000100000000)
  region size 1024K, 10 young (10240K), 10 survivors (10240K)
 Metaspace       used 99759K, committed 100672K, reserved 1138688K
  class space    used 13375K, committed 13824K, reserved 1048576K
}
Event: 78.573 GC heap before
{Heap before GC invocations=56 (full 0):
 garbage-first heap   total 270336K, used 211590K [0x0000000080000000, 0x0000000100000000)
  region size 1024K, 78 young (79872K), 10 survivors (10240K)
 Metaspace       used 101872K, committed 102848K, reserved 1138688K
  class space    used 13631K, committed 14080K, reserved 1048576K
}
Event: 78.592 GC heap after
{Heap after GC invocations=57 (full 0):
 garbage-first heap   total 270336K, used 150924K [0x0000000080000000, 0x0000000100000000)
  region size 1024K, 9 young (9216K), 9 survivors (9216K)
 Metaspace       used 101872K, committed 102848K, reserved 1138688K
  class space    used 13631K, committed 14080K, reserved 1048576K
}
Event: 78.622 GC heap before
{Heap before GC invocations=57 (full 0):
 garbage-first heap   total 270336K, used 155020K [0x0000000080000000, 0x0000000100000000)
  region size 1024K, 13 young (13312K), 9 survivors (9216K)
 Metaspace       used 101878K, committed 102848K, reserved 1138688K
  class space    used 13632K, committed 14080K, reserved 1048576K
}
Event: 78.633 GC heap after
{Heap after GC invocations=58 (full 0):
 garbage-first heap   total 270336K, used 152228K [0x0000000080000000, 0x0000000100000000)
  region size 1024K, 2 young (2048K), 2 survivors (2048K)
 Metaspace       used 101878K, committed 102848K, reserved 1138688K
  class space    used 13632K, committed 14080K, reserved 1048576K
}
Event: 80.331 GC heap before
{Heap before GC invocations=58 (full 0):
 garbage-first heap   total 270336K, used 215716K [0x0000000080000000, 0x0000000100000000)
  region size 1024K, 65 young (66560K), 2 survivors (2048K)
 Metaspace       used 103744K, committed 104768K, reserved 1146880K
  class space    used 13905K, committed 14400K, reserved 1048576K
}
Event: 80.339 GC heap after
{Heap after GC invocations=59 (full 0):
 garbage-first heap   total 270336K, used 159112K [0x0000000080000000, 0x0000000100000000)
  region size 1024K, 9 young (9216K), 9 survivors (9216K)
 Metaspace       used 103744K, committed 104768K, reserved 1146880K
  class space    used 13905K, committed 14400K, reserved 1048576K
}
Event: 81.789 GC heap before
{Heap before GC invocations=59 (full 0):
 garbage-first heap   total 270336K, used 189832K [0x0000000080000000, 0x0000000100000000)
  region size 1024K, 41 young (41984K), 9 survivors (9216K)
 Metaspace       used 105740K, committed 106688K, reserved 1146880K
  class space    used 14128K, committed 14592K, reserved 1048576K
}
Event: 81.838 GC heap after
{Heap after GC invocations=60 (full 0):
 garbage-first heap   total 270336K, used 168007K [0x0000000080000000, 0x0000000100000000)
  region size 1024K, 9 young (9216K), 9 survivors (9216K)
 Metaspace       used 105740K, committed 106688K, reserved 1146880K
  class space    used 14128K, committed 14592K, reserved 1048576K
}

Dll operation events (2 events):
Event: 0.024 Loaded shared library C:\Program Files\Android\Android Studio\jbr\bin\java.dll
Event: 0.599 Loaded shared library C:\Program Files\Android\Android Studio\jbr\bin\verify.dll

Deoptimization events (20 events):
Event: 81.761 Thread 0x00000201cac14050 Uncommon trap: trap_request=0xffffff45 fr.pc=0x00000201b6a2773c relative=0x000000000000017c
Event: 81.762 Thread 0x00000201cac14050 Uncommon trap: reason=unstable_if action=reinterpret pc=0x00000201b6a2773c method=org.apache.xerces.impl.XMLDocumentFragmentScannerImpl.scanContent()I @ 73 c2
Event: 81.762 Thread 0x00000201cac14050 DEOPT PACKING pc=0x00000201b6a2773c sp=0x000000cd9ecfa1e0
Event: 81.762 Thread 0x00000201cac14050 DEOPT UNPACKING pc=0x00000201b62ea1a3 sp=0x000000cd9ecfa178 mode 2
Event: 81.866 Thread 0x00000201cac14050 Uncommon trap: trap_request=0xffffffde fr.pc=0x00000201b6a20d5c relative=0x00000000000006bc
Event: 81.867 Thread 0x00000201cac14050 Uncommon trap: reason=class_check action=maybe_recompile pc=0x00000201b6a20d5c method=org.apache.xerces.dom.NamedNodeMapImpl.findNamePoint(Ljava/lang/String;I)I @ 47 c2
Event: 81.867 Thread 0x00000201cac14050 DEOPT PACKING pc=0x00000201b6a20d5c sp=0x000000cd9ecf9e20
Event: 81.867 Thread 0x00000201cac14050 DEOPT UNPACKING pc=0x00000201b62ea1a3 sp=0x000000cd9ecf9dc8 mode 2
Event: 81.871 Thread 0x00000201cac14050 Uncommon trap: trap_request=0xffffff45 fr.pc=0x00000201b6e0d2cc relative=0x00000000000009cc
Event: 81.871 Thread 0x00000201cac14050 Uncommon trap: reason=unstable_if action=reinterpret pc=0x00000201b6e0d2cc method=org.apache.xerces.impl.XMLNSDocumentScannerImpl.scanAttribute(Lorg/apache/xerces/util/XMLAttributesImpl;)V @ 276 c2
Event: 81.872 Thread 0x00000201cac14050 DEOPT PACKING pc=0x00000201b6e0d2cc sp=0x000000cd9ecfa0d0
Event: 81.872 Thread 0x00000201cac14050 DEOPT UNPACKING pc=0x00000201b62ea1a3 sp=0x000000cd9ecfa088 mode 2
Event: 81.872 Thread 0x00000201cac14050 Uncommon trap: trap_request=0xffffff45 fr.pc=0x00000201b6ae35e4 relative=0x0000000000000664
Event: 81.872 Thread 0x00000201cac14050 Uncommon trap: reason=unstable_if action=reinterpret pc=0x00000201b6ae35e4 method=org.apache.xerces.impl.XMLEntityScanner.scanLiteral(ILorg/apache/xerces/xni/XMLString;)I @ 606 c2
Event: 81.872 Thread 0x00000201cac14050 DEOPT PACKING pc=0x00000201b6ae35e4 sp=0x000000cd9ecf9f90
Event: 81.872 Thread 0x00000201cac14050 DEOPT UNPACKING pc=0x00000201b62ea1a3 sp=0x000000cd9ecf9f18 mode 2
Event: 81.872 Thread 0x00000201cac14050 Uncommon trap: trap_request=0xffffff45 fr.pc=0x00000201b6e11e74 relative=0x0000000000000dd4
Event: 81.872 Thread 0x00000201cac14050 Uncommon trap: reason=unstable_if action=reinterpret pc=0x00000201b6e11e74 method=org.apache.xerces.impl.XMLScanner.scanAttributeValue(Lorg/apache/xerces/xni/XMLString;Lorg/apache/xerces/xni/XMLString;Ljava/lang/String;ZLjava/lang/String;)Z @ 642 c2
Event: 81.872 Thread 0x00000201cac14050 DEOPT PACKING pc=0x00000201b6e11e74 sp=0x000000cd9ecf9ff0
Event: 81.872 Thread 0x00000201cac14050 DEOPT UNPACKING pc=0x00000201b62ea1a3 sp=0x000000cd9ecf9fc0 mode 2

Classes unloaded (3 events):
Event: 81.936 Thread 0x00000201c5eb2a30 Unloading class 0x0000000100cc1400 'java/lang/invoke/LambdaForm$DMH+0x0000000100cc1400'
Event: 81.936 Thread 0x00000201c5eb2a30 Unloading class 0x0000000100cc0c00 'java/lang/invoke/LambdaForm$DMH+0x0000000100cc0c00'
Event: 81.936 Thread 0x00000201c5eb2a30 Unloading class 0x0000000100cc0400 'java/lang/invoke/LambdaForm$DMH+0x0000000100cc0400'

Classes redefined (0 events):
No events

Internal exceptions (20 events):
Event: 80.246 Thread 0x00000201cac14050 Exception <a 'sun/nio/fs/WindowsException'{0x000000008cacb668}> (0x000000008cacb668) 
thrown [s\src\hotspot\share\prims\jni.cpp, line 517]
Event: 80.246 Thread 0x00000201cac14050 Exception <a 'sun/nio/fs/WindowsException'{0x000000008cacba48}> (0x000000008cacba48) 
thrown [s\src\hotspot\share\prims\jni.cpp, line 517]
Event: 80.246 Thread 0x00000201cac14050 Exception <a 'sun/nio/fs/WindowsException'{0x000000008caceb48}> (0x000000008caceb48) 
thrown [s\src\hotspot\share\prims\jni.cpp, line 517]
Event: 80.246 Thread 0x00000201cac14050 Exception <a 'sun/nio/fs/WindowsException'{0x000000008cacef88}> (0x000000008cacef88) 
thrown [s\src\hotspot\share\prims\jni.cpp, line 517]
Event: 80.247 Thread 0x00000201cac14050 Exception <a 'sun/nio/fs/WindowsException'{0x000000008cad0c18}> (0x000000008cad0c18) 
thrown [s\src\hotspot\share\prims\jni.cpp, line 517]
Event: 80.247 Thread 0x00000201cac14050 Exception <a 'sun/nio/fs/WindowsException'{0x000000008cad0fe8}> (0x000000008cad0fe8) 
thrown [s\src\hotspot\share\prims\jni.cpp, line 517]
Event: 80.247 Thread 0x00000201cac14050 Exception <a 'sun/nio/fs/WindowsException'{0x000000008cad3e98}> (0x000000008cad3e98) 
thrown [s\src\hotspot\share\prims\jni.cpp, line 517]
Event: 80.247 Thread 0x00000201cac14050 Exception <a 'sun/nio/fs/WindowsException'{0x000000008cad42d8}> (0x000000008cad42d8) 
thrown [s\src\hotspot\share\prims\jni.cpp, line 517]
Event: 80.247 Thread 0x00000201cac14050 Exception <a 'sun/nio/fs/WindowsException'{0x000000008cad6220}> (0x000000008cad6220) 
thrown [s\src\hotspot\share\prims\jni.cpp, line 517]
Event: 80.247 Thread 0x00000201cac14050 Exception <a 'sun/nio/fs/WindowsException'{0x000000008cad65f0}> (0x000000008cad65f0) 
thrown [s\src\hotspot\share\prims\jni.cpp, line 517]
Event: 80.248 Thread 0x00000201cac14050 Exception <a 'sun/nio/fs/WindowsException'{0x000000008cad94a0}> (0x000000008cad94a0) 
thrown [s\src\hotspot\share\prims\jni.cpp, line 517]
Event: 80.248 Thread 0x00000201cac14050 Exception <a 'sun/nio/fs/WindowsException'{0x000000008cad98e0}> (0x000000008cad98e0) 
thrown [s\src\hotspot\share\prims\jni.cpp, line 517]
Event: 80.248 Thread 0x00000201cac14050 Exception <a 'sun/nio/fs/WindowsException'{0x000000008cadb570}> (0x000000008cadb570) 
thrown [s\src\hotspot\share\prims\jni.cpp, line 517]
Event: 80.248 Thread 0x00000201cac14050 Exception <a 'sun/nio/fs/WindowsException'{0x000000008cadb940}> (0x000000008cadb940) 
thrown [s\src\hotspot\share\prims\jni.cpp, line 517]
Event: 80.248 Thread 0x00000201cac14050 Exception <a 'sun/nio/fs/WindowsException'{0x000000008cade9c8}> (0x000000008cade9c8) 
thrown [s\src\hotspot\share\prims\jni.cpp, line 517]
Event: 80.248 Thread 0x00000201cac14050 Exception <a 'sun/nio/fs/WindowsException'{0x000000008cadedd8}> (0x000000008cadedd8) 
thrown [s\src\hotspot\share\prims\jni.cpp, line 517]
Event: 80.251 Thread 0x00000201cac14050 Exception <a 'sun/nio/fs/WindowsException'{0x000000008cae0a60}> (0x000000008cae0a60) 
thrown [s\src\hotspot\share\prims\jni.cpp, line 517]
Event: 80.251 Thread 0x00000201cac14050 Exception <a 'sun/nio/fs/WindowsException'{0x000000008cae0e18}> (0x000000008cae0e18) 
thrown [s\src\hotspot\share\prims\jni.cpp, line 517]
Event: 80.251 Thread 0x00000201cac14050 Exception <a 'sun/nio/fs/WindowsException'{0x000000008cae2a90}> (0x000000008cae2a90) 
thrown [s\src\hotspot\share\prims\jni.cpp, line 517]
Event: 80.251 Thread 0x00000201cac14050 Exception <a 'sun/nio/fs/WindowsException'{0x000000008cae2e10}> (0x000000008cae2e10) 
thrown [s\src\hotspot\share\prims\jni.cpp, line 517]

VM Operations (20 events):
Event: 79.726 Executing VM operation: ICBufferFull done
Event: 79.731 Executing VM operation: HandshakeAllThreads
Event: 79.732 Executing VM operation: HandshakeAllThreads done
Event: 79.751 Executing VM operation: HandshakeAllThreads
Event: 79.751 Executing VM operation: HandshakeAllThreads done
Event: 79.772 Executing VM operation: HandshakeAllThreads
Event: 79.772 Executing VM operation: HandshakeAllThreads done
Event: 79.868 Executing VM operation: HandshakeAllThreads
Event: 79.868 Executing VM operation: HandshakeAllThreads done
Event: 79.870 Executing VM operation: HandshakeAllThreads
Event: 79.870 Executing VM operation: HandshakeAllThreads done
Event: 80.331 Executing VM operation: G1CollectForAllocation
Event: 80.339 Executing VM operation: G1CollectForAllocation done
Event: 80.527 Executing VM operation: HandshakeAllThreads
Event: 80.527 Executing VM operation: HandshakeAllThreads done
Event: 81.534 Executing VM operation: Cleanup
Event: 81.535 Executing VM operation: Cleanup done
Event: 81.788 Executing VM operation: G1TryInitiateConcMark
Event: 81.838 Executing VM operation: G1TryInitiateConcMark done
Event: 81.935 Executing VM operation: G1Concurrent

Events (20 events):
Event: 80.451 loading class org/w3c/dom/CharacterData done
Event: 80.451 loading class org/w3c/dom/Text done
Event: 80.451 loading class org/w3c/dom/CDATASection done
Event: 80.451 loading class org/w3c/dom/Comment
Event: 80.451 loading class org/w3c/dom/Comment done
Event: 80.451 loading class org/w3c/dom/DocumentFragment
Event: 80.452 loading class org/w3c/dom/DocumentFragment done
Event: 80.453 loading class org/w3c/dom/events/Event
Event: 80.453 loading class org/w3c/dom/events/Event done
Event: 80.453 loading class org/w3c/dom/traversal/NodeIterator
Event: 80.453 loading class org/w3c/dom/traversal/NodeIterator done
Event: 80.453 loading class org/w3c/dom/traversal/TreeWalker
Event: 80.453 loading class org/w3c/dom/traversal/TreeWalker done
Event: 80.453 loading class org/w3c/dom/events/MutationEvent
Event: 80.453 loading class org/w3c/dom/events/MutationEvent done
Event: 80.453 loading class org/w3c/dom/ranges/Range
Event: 80.453 loading class org/w3c/dom/ranges/Range done
Event: 80.453 loading class org/w3c/dom/events/EventException
Event: 80.453 loading class org/w3c/dom/events/EventException done
Event: 81.040 Thread 0x00000201d22a1ac0 Thread added: 0x00000201d22a1ac0


Dynamic libraries:
0x00007ff745b00000 - 0x00007ff745b0a000 	C:\Program Files\Android\Android Studio\jbr\bin\java.exe
0x00007ffd04370000 - 0x00007ffd04568000 	C:\Windows\SYSTEM32\ntdll.dll
0x00007ffd02dc0000 - 0x00007ffd02e7f000 	C:\Windows\System32\KERNEL32.DLL
0x00007ffd01a80000 - 0x00007ffd01d76000 	C:\Windows\System32\KERNELBASE.dll
0x00007ffd020a0000 - 0x00007ffd021a0000 	C:\Windows\System32\ucrtbase.dll
0x00007ffce9220000 - 0x00007ffce9237000 	C:\Program Files\Android\Android Studio\jbr\bin\jli.dll
0x00007ffcd54a0000 - 0x00007ffcd54bb000 	C:\Program Files\Android\Android Studio\jbr\bin\VCRUNTIME140.dll
0x00007ffd03980000 - 0x00007ffd03b1d000 	C:\Windows\System32\USER32.dll
0x00007ffd01a50000 - 0x00007ffd01a72000 	C:\Windows\System32\win32u.dll
0x00007ffceaf90000 - 0x00007ffceb22a000 	C:\Windows\WinSxS\amd64_microsoft.windows.common-controls_6595b64144ccf1df_6.0.19041.1110_none_60b5254171f9507e\COMCTL32.dll
0x00007ffd041d0000 - 0x00007ffd041fc000 	C:\Windows\System32\GDI32.dll
0x00007ffd02be0000 - 0x00007ffd02c7e000 	C:\Windows\System32\msvcrt.dll
0x00007ffd021a0000 - 0x00007ffd022b5000 	C:\Windows\System32\gdi32full.dll
0x00007ffd02000000 - 0x00007ffd0209d000 	C:\Windows\System32\msvcp_win.dll
0x00007ffd02c80000 - 0x00007ffd02cb0000 	C:\Windows\System32\IMM32.DLL
0x00007ffcf86c0000 - 0x00007ffcf86cc000 	C:\Program Files\Android\Android Studio\jbr\bin\vcruntime140_1.dll
0x00007ffcbbbf0000 - 0x00007ffcbbc7d000 	C:\Program Files\Android\Android Studio\jbr\bin\msvcp140.dll
0x00007ffc94760000 - 0x00007ffc953ce000 	C:\Program Files\Android\Android Studio\jbr\bin\server\jvm.dll
0x00007ffd023d0000 - 0x00007ffd0247f000 	C:\Windows\System32\ADVAPI32.dll
0x00007ffd038e0000 - 0x00007ffd0397c000 	C:\Windows\System32\sechost.dll
0x00007ffd040a0000 - 0x00007ffd041c6000 	C:\Windows\System32\RPCRT4.dll
0x00007ffcd56d0000 - 0x00007ffcd56d9000 	C:\Windows\SYSTEM32\WSOCK32.dll
0x00007ffcf3790000 - 0x00007ffcf37b7000 	C:\Windows\SYSTEM32\WINMM.dll
0x00007ffcf8ec0000 - 0x00007ffcf8eca000 	C:\Windows\SYSTEM32\VERSION.dll
0x00007ffd02f60000 - 0x00007ffd02fcb000 	C:\Windows\System32\WS2_32.dll
0x00007ffd00280000 - 0x00007ffd00292000 	C:\Windows\SYSTEM32\kernel.appcore.dll
0x00007ffcf79c0000 - 0x00007ffcf79ca000 	C:\Program Files\Android\Android Studio\jbr\bin\jimage.dll
0x00007ffcff690000 - 0x00007ffcff874000 	C:\Windows\SYSTEM32\DBGHELP.DLL
0x00007ffcd31d0000 - 0x00007ffcd3204000 	C:\Windows\SYSTEM32\dbgcore.DLL
0x00007ffd02340000 - 0x00007ffd023c2000 	C:\Windows\System32\bcryptPrimitives.dll
0x00007ffcf7990000 - 0x00007ffcf79b5000 	C:\Program Files\Android\Android Studio\jbr\bin\java.dll
0x00007ffcf77a0000 - 0x00007ffcf77b8000 	C:\Program Files\Android\Android Studio\jbr\bin\zip.dll
0x00007ffd02480000 - 0x00007ffd02bc4000 	C:\Windows\System32\SHELL32.dll
0x00007ffcffad0000 - 0x00007ffd00263000 	C:\Windows\SYSTEM32\windows.storage.dll
0x00007ffd032a0000 - 0x00007ffd035f4000 	C:\Windows\System32\combase.dll
0x00007ffd01490000 - 0x00007ffd014be000 	C:\Windows\SYSTEM32\Wldp.dll
0x00007ffd02cb0000 - 0x00007ffd02d5d000 	C:\Windows\System32\SHCORE.dll
0x00007ffd02e80000 - 0x00007ffd02ed5000 	C:\Windows\System32\shlwapi.dll
0x00007ffd01980000 - 0x00007ffd019a5000 	C:\Windows\SYSTEM32\profapi.dll
0x00007ffcf7780000 - 0x00007ffcf7799000 	C:\Program Files\Android\Android Studio\jbr\bin\net.dll
0x00007ffcf9c90000 - 0x00007ffcf9d9a000 	C:\Windows\SYSTEM32\WINHTTP.dll
0x00007ffd011f0000 - 0x00007ffd0125a000 	C:\Windows\system32\mswsock.dll
0x00007ffce9400000 - 0x00007ffce9416000 	C:\Program Files\Android\Android Studio\jbr\bin\nio.dll
0x00007ffcf79d0000 - 0x00007ffcf79e0000 	C:\Program Files\Android\Android Studio\jbr\bin\verify.dll
0x00007ffcd6160000 - 0x00007ffcd6187000 	C:\Users\keilo\.gradle\native\68d5fa5c4cc2d200863cafc0d521ce42e7d3e7ee720ec0a83991735586a16f82\windows-amd64\native-platform.dll
0x00007ffcb9d90000 - 0x00007ffcb9ed4000 	C:\Users\keilo\.gradle\native\e376f236ea51e6404a007f0833ffe2c6e607c4080706a723a18a27aeea778392\windows-amd64\native-platform-file-events.dll
0x00007ffce9690000 - 0x00007ffce9699000 	C:\Program Files\Android\Android Studio\jbr\bin\management.dll
0x00007ffce9050000 - 0x00007ffce905b000 	C:\Program Files\Android\Android Studio\jbr\bin\management_ext.dll
0x00007ffd038d0000 - 0x00007ffd038d8000 	C:\Windows\System32\PSAPI.DLL
0x00007ffd013e0000 - 0x00007ffd013f8000 	C:\Windows\SYSTEM32\CRYPTSP.dll
0x00007ffd00a90000 - 0x00007ffd00ac4000 	C:\Windows\system32\rsaenh.dll
0x00007ffd022c0000 - 0x00007ffd022e7000 	C:\Windows\System32\bcrypt.dll
0x00007ffd01940000 - 0x00007ffd0196e000 	C:\Windows\SYSTEM32\USERENV.dll
0x00007ffd01400000 - 0x00007ffd0140c000 	C:\Windows\SYSTEM32\CRYPTBASE.dll
0x00007ffd00e90000 - 0x00007ffd00ecb000 	C:\Windows\SYSTEM32\IPHLPAPI.DLL
0x00007ffd02bd0000 - 0x00007ffd02bd8000 	C:\Windows\System32\NSI.dll
0x00007ffcf39f0000 - 0x00007ffcf3a07000 	C:\Windows\SYSTEM32\dhcpcsvc6.DLL
0x00007ffcf6c00000 - 0x00007ffcf6c1d000 	C:\Windows\SYSTEM32\dhcpcsvc.DLL
0x00007ffd00ed0000 - 0x00007ffd00f9a000 	C:\Windows\SYSTEM32\DNSAPI.dll
0x00007ffcc3110000 - 0x00007ffcc3117000 	C:\Windows\system32\wshunix.dll

dbghelp: loaded successfully - version: 4.0.5 - missing functions: none
symbol engine: initialized successfully - sym options: 0x614 - pdb path: .;C:\Program Files\Android\Android Studio\jbr\bin;C:\Windows\SYSTEM32;C:\Windows\WinSxS\amd64_microsoft.windows.common-controls_6595b64144ccf1df_6.0.19041.1110_none_60b5254171f9507e;C:\Program Files\Android\Android Studio\jbr\bin\server;C:\Users\keilo\.gradle\native\68d5fa5c4cc2d200863cafc0d521ce42e7d3e7ee720ec0a83991735586a16f82\windows-amd64;C:\Users\keilo\.gradle\native\e376f236ea51e6404a007f0833ffe2c6e607c4080706a723a18a27aeea778392\windows-amd64

VM Arguments:
jvm_args: --add-opens=java.base/java.util=ALL-UNNAMED --add-opens=java.base/java.lang=ALL-UNNAMED --add-opens=java.base/java.lang.invoke=ALL-UNNAMED --add-opens=java.prefs/java.util.prefs=ALL-UNNAMED --add-opens=java.base/java.nio.charset=ALL-UNNAMED --add-opens=java.base/java.net=ALL-UNNAMED --add-opens=java.base/java.util.concurrent.atomic=ALL-UNNAMED -Xmx2048m -Dfile.encoding=UTF-8 -Duser.country=US -Duser.language=en -Duser.variant 
java_command: org.gradle.launcher.daemon.bootstrap.GradleDaemon 8.0
java_class_path (initial): C:\Users\keilo\.gradle\wrapper\dists\gradle-8.0-bin\ca5e32bp14vu59qr306oxotwh\gradle-8.0\lib\gradle-launcher-8.0.jar
Launcher Type: SUN_STANDARD

[Global flags]
     intx CICompilerCount                          = 4                                         {product} {ergonomic}
     uint ConcGCThreads                            = 2                                         {product} {ergonomic}
     uint G1ConcRefinementThreads                  = 8                                         {product} {ergonomic}
   size_t G1HeapRegionSize                         = 1048576                                   {product} {ergonomic}
    uintx GCDrainStackTargetSize                   = 64                                        {product} {ergonomic}
   size_t InitialHeapSize                          = 130023424                                 {product} {ergonomic}
   size_t MarkStackSize                            = 4194304                                   {product} {ergonomic}
   size_t MaxHeapSize                              = 2147483648                                {product} {command line}
   size_t MaxNewSize                               = 1287651328                                {product} {ergonomic}
   size_t MinHeapDeltaBytes                        = 1048576                                   {product} {ergonomic}
   size_t MinHeapSize                              = 8388608                                   {product} {ergonomic}
    uintx NonNMethodCodeHeapSize                   = 5839372                                {pd product} {ergonomic}
    uintx NonProfiledCodeHeapSize                  = 122909434                              {pd product} {ergonomic}
    uintx ProfiledCodeHeapSize                     = 122909434                              {pd product} {ergonomic}
    uintx ReservedCodeCacheSize                    = 251658240                              {pd product} {ergonomic}
     bool SegmentedCodeCache                       = true                                      {product} {ergonomic}
   size_t SoftMaxHeapSize                          = 2147483648                             {manageable} {ergonomic}
     bool UseCompressedClassPointers               = true                           {product lp64_product} {ergonomic}
     bool UseCompressedOops                        = true                           {product lp64_product} {ergonomic}
     bool UseG1GC                                  = true                                      {product} {ergonomic}
     bool UseLargePagesIndividualAllocation        = false                                  {pd product} {ergonomic}

Logging:
Log output configuration:
 #0: stdout all=warning uptime,level,tags
 #1: stderr all=off uptime,level,tags

Environment Variables:
PATH=C:\Windows\system32;C:\Windows;C:\Windows\System32\Wbem;C:\Windows\System32\WindowsPowerShell\v1.0\;C:\Windows\System32\OpenSSH\;C:\Program Files\dotnet\;C:\Program Files\Git\cmd;C:\Users\keilo\AppData\Local\Microsoft\WindowsApps;C:\Users\keilo\AppData\Local\GitHubDesktop\bin;C:\Users\keilo\AppData\Local\Programs\Microsoft VS Code\bin
USERNAME=keilo
OS=Windows_NT
PROCESSOR_IDENTIFIER=Intel64 Family 6 Model 140 Stepping 1, GenuineIntel
TMP=C:\Users\keilo\AppData\Local\Temp
TEMP=C:\Users\keilo\AppData\Local\Temp


JNI global refs:
JNI global refs: 26, weak refs: 12

JNI global refs memory usage: 843, weak refs: 841


---------------  S Y S T E M  ---------------

OS:
 Windows 10 , 64 bit Build 19041 (10.0.19041.3155)
OS uptime: 1 days 15:02 hours

CPU: total 8 (initial active 8) (4 cores per cpu, 2 threads per core) family 6 model 140 stepping 1 microcode 0x8a, cx8, cmov, fxsr, ht, mmx, 3dnowpref, sse, sse2, sse3, ssse3, sse4.1, sse4.2, popcnt, lzcnt, tsc, tscinvbit, avx, avx2, aes, erms, clmul, bmi1, bmi2, adx, avx512f, avx512dq, avx512cd, avx512bw, avx512vl, sha, fma, vzeroupper, avx512_vpopcntdq, avx512_vpclmulqdq, avx512_vaes, avx512_vnni, clflush, clflushopt, clwb, avx512_vbmi2, avx512_vbmi

Memory: 4k page, system-wide physical 7915M (96M free)
TotalPageFile size 15830M (AvailPageFile size 3M)
current process WorkingSet (physical memory assigned to process): 390M, peak: 451M
current process commit charge ("private bytes"): 572M, peak: 610M

vm_info: OpenJDK 64-Bit Server VM (17.0.6+0-b2043.56-10027231) for windows-amd64 JRE (17.0.6+0-b2043.56-10027231), built on Apr 28 2023 00:43:19 by "androidbuild" with MS VC++ 16.10 / 16.11 (VS2019)

END.
